

================================================================
== Vivado HLS Report for 'feature_Loop_memset_featureHist_proc1'
================================================================
* Date:           Sat Jan 13 00:01:02 2018

* Version:        2015.4 (Build 1412921 on Wed Nov 18 09:58:55 AM 2015)
* Project:        maxi_feature
* Solution:       solution1
* Product family: zynq
* Target device:  xc7z020clg484-1


================================================================
== Performance Estimates
================================================================
+ Timing (ns): 
    * Summary: 
    +--------+-------+----------+------------+
    |  Clock | Target| Estimated| Uncertainty|
    +--------+-------+----------+------------+
    |ap_clk  |   4.00|      3.50|        0.50|
    +--------+-------+----------+------------+

+ Latency (clock cycles): 
    * Summary: 
    +--------+--------+--------+--------+---------+
    |     Latency     |     Interval    | Pipeline|
    |   min  |   max  |   min  |   max  |   Type  |
    +--------+--------+--------+--------+---------+
    |  351753|  351753|  351753|  351753|   none  |
    +--------+--------+--------+--------+---------+

    + Detail: 
        * Instance: 
        N/A

        * Loop: 
        +----------------------+--------+--------+----------+-----------+-----------+------+----------+
        |                      |     Latency     | Iteration|  Initiation Interval  | Trip |          |
        |       Loop Name      |   min  |   max  |  Latency |  achieved |   target  | Count| Pipelined|
        +----------------------+--------+--------+----------+-----------+-----------+------+----------+
        |- memset_featureHist  |     511|     511|         1|          -|          -|   512|    no    |
        |- Loop 2              |  351240|  351240|      2927|          -|          -|   120|    no    |
        | + memcpy..frame_in   |    1921|    1921|         3|          1|          1|  1920|    yes   |
        | + Loop 2.2           |     989|     989|        42|         12|          1|    80|    yes   |
        +----------------------+--------+--------+----------+-----------+-----------+------+----------+



================================================================
== Utilization Estimates
================================================================
* Summary: 
+-----------------+---------+-------+--------+-------+
|       Name      | BRAM_18K| DSP48E|   FF   |  LUT  |
+-----------------+---------+-------+--------+-------+
|DSP              |        -|      1|       -|      -|
|Expression       |        -|      -|       0|    837|
|FIFO             |        -|      -|       -|      -|
|Instance         |        -|      -|       -|      -|
|Memory           |        1|      -|       0|      0|
|Multiplexer      |        -|      -|       -|    311|
|Register         |        -|      -|     942|     17|
+-----------------+---------+-------+--------+-------+
|Total            |        1|      1|     942|   1165|
+-----------------+---------+-------+--------+-------+
|Available        |      280|    220|  106400|  53200|
+-----------------+---------+-------+--------+-------+
|Utilization (%)  |    ~0   |   ~0  |   ~0   |      2|
+-----------------+---------+-------+--------+-------+

+ Detail: 
    * Instance: 
    N/A

    * DSP48: 
    +----------------------------------+-------------------------------+-----------+
    |             Instance             |             Module            | Expression|
    +----------------------------------+-------------------------------+-----------+
    |feature_mul_mul_18ns_16s_34_3_U7  |feature_mul_mul_18ns_16s_34_3  |  i0 * i1  |
    +----------------------------------+-------------------------------+-----------+

    * Memory: 
    +---------+---------------------------------------------+---------+---+----+------+-----+------+-------------+
    |  Memory |                    Module                   | BRAM_18K| FF| LUT| Words| Bits| Banks| W*Bits*Banks|
    +---------+---------------------------------------------+---------+---+----+------+-----+------+-------------+
    |rgb_i_U  |feature_Loop_memset_featureHist_proc1_rgb_i  |        1|  0|   0|  1920|    8|     1|        15360|
    +---------+---------------------------------------------+---------+---+----+------+-----+------+-------------+
    |Total    |                                             |        1|  0|   0|  1920|    8|     1|        15360|
    +---------+---------------------------------------------+---------+---+----+------+-----+------+-------------+

    * FIFO: 
    N/A

    * Expression: 
    +---------------------------------+----------+-------+---+----+------------+------------+
    |          Variable Name          | Operation| DSP48E| FF| LUT| Bitwidth P0| Bitwidth P1|
    +---------------------------------+----------+-------+---+----+------------+------------+
    |grp_fu_666_p2                    |     +    |      0|  0|  16|          16|           1|
    |grp_fu_672_p2                    |     +    |      0|  0|  16|          16|           1|
    |i_1211_i_fu_947_p2               |     +    |      0|  0|   2|           2|           1|
    |indvar_flatten_next_i_fu_905_p2  |     +    |      0|  0|   7|           7|           1|
    |indvar_next2_i_fu_787_p2         |     +    |      0|  0|  11|          11|           1|
    |indvarinc_i_fu_699_p2            |     +    |      0|  0|   9|           9|           1|
    |iterator_1_dup_i_fu_911_p2       |     +    |      0|  0|  11|          11|          10|
    |j_1_7_i_fu_974_p2                |     +    |      0|  0|   9|           9|           4|
    |k_fu_723_p2                      |     +    |      0|  0|   7|           7|           1|
    |tmp_17_2_i_fu_1273_p2            |     +    |      0|  0|  11|          11|           4|
    |tmp_17_3_i_fu_1306_p2            |     +    |      0|  0|  11|          11|           4|
    |tmp_17_4_i_fu_1333_p2            |     +    |      0|  0|  11|          11|           4|
    |tmp_17_5_i_fu_1445_p2            |     +    |      0|  0|  11|          11|           5|
    |tmp_17_6_i_fu_1476_p2            |     +    |      0|  0|  11|          11|           5|
    |tmp_17_7_i_fu_1503_p2            |     +    |      0|  0|  11|          11|           5|
    |tmp_22_3_i_fu_1311_p2            |     +    |      0|  0|  11|          11|           4|
    |tmp_22_4_i_fu_1342_p2            |     +    |      0|  0|  11|          11|           4|
    |tmp_22_5_i_fu_1450_p2            |     +    |      0|  0|  11|          11|           5|
    |tmp_22_6_i_fu_1485_p2            |     +    |      0|  0|  11|          11|           5|
    |tmp_22_7_i_fu_1508_p2            |     +    |      0|  0|  11|          11|           5|
    |tmp_2_fu_766_p2                  |     +    |      0|  0|  34|          34|          34|
    |tmp_34_2_i_fu_1293_p2            |     +    |      0|  0|  11|          11|           4|
    |tmp_34_3_i_fu_1328_p2            |     +    |      0|  0|  11|          11|           4|
    |tmp_34_4_i_fu_1423_p2            |     +    |      0|  0|  11|          11|           4|
    |tmp_34_5_i_fu_1471_p2            |     +    |      0|  0|  11|          11|           5|
    |tmp_34_6_i_fu_1494_p2            |     +    |      0|  0|  11|          11|           5|
    |tmp_34_7_i_fu_969_p2             |     +    |      0|  0|  11|          11|           5|
    |tmp_i_fu_964_p2                  |     +    |      0|  0|   9|           9|           9|
    |neg_mul_i_fu_852_p2              |     -    |      0|  0|  33|           1|          33|
    |neg_ti_i_fu_888_p2               |     -    |      0|  0|   9|           1|           9|
    |tmp_3_i_fu_753_p2                |     -    |      0|  0|  19|          19|          19|
    |tmp_5_i_fu_822_p2                |     -    |      0|  0|  16|          16|          16|
    |i_mid2_i_fu_953_p3               |  Select  |      0|  0|   2|           1|           2|
    |iterator_mid2_i_44_fu_939_p3     |  Select  |      0|  0|  11|           1|          11|
    |iterator_mid2_i_fu_923_p3        |  Select  |      0|  0|  11|           1|          11|
    |j_mid2_i_fu_931_p3               |  Select  |      0|  0|   9|           1|           1|
    |p_v_i_fu_873_p3                  |  Select  |      0|  0|  17|           1|          17|
    |tmp_32_i_fu_893_p3               |  Select  |      0|  0|   9|           1|           9|
    |ap_sig_bdd_149                   |    and   |      0|  0|   1|           1|           1|
    |exitcond1215_i_fu_917_p2         |   icmp   |      0|  0|   3|           9|           9|
    |exitcond3_i_fu_717_p2            |   icmp   |      0|  0|   3|           7|           5|
    |exitcond5_i_fu_781_p2            |   icmp   |      0|  0|   4|          11|           9|
    |exitcond_flatten_i_fu_899_p2     |   icmp   |      0|  0|   3|           7|           7|
    |tmp_10_i_fu_1102_p2              |   icmp   |      0|  0|   6|          16|          16|
    |tmp_12_1_i_fu_1009_p2            |   icmp   |      0|  0|   6|          16|          16|
    |tmp_12_2_i_fu_1023_p2            |   icmp   |      0|  0|   6|          16|          16|
    |tmp_12_3_i_fu_1037_p2            |   icmp   |      0|  0|   6|          16|          16|
    |tmp_12_4_i_fu_1051_p2            |   icmp   |      0|  0|   6|          16|          16|
    |tmp_12_5_i_fu_1065_p2            |   icmp   |      0|  0|   6|          16|          16|
    |tmp_12_6_i_fu_1079_p2            |   icmp   |      0|  0|   6|          16|          16|
    |tmp_12_7_i_fu_1093_p2            |   icmp   |      0|  0|   6|          16|          16|
    |tmp_14_7_i_fu_987_p2             |   icmp   |      0|  0|   6|          17|          17|
    |tmp_16_1_i_fu_1110_p2            |   icmp   |      0|  0|   6|          16|          16|
    |tmp_16_2_i_fu_1118_p2            |   icmp   |      0|  0|   6|          16|          16|
    |tmp_16_3_i_fu_1126_p2            |   icmp   |      0|  0|   6|          16|          16|
    |tmp_16_4_i_fu_1134_p2            |   icmp   |      0|  0|   6|          16|          16|
    |tmp_16_5_i_fu_1142_p2            |   icmp   |      0|  0|   6|          16|          16|
    |tmp_16_6_i_fu_1150_p2            |   icmp   |      0|  0|   6|          16|          16|
    |tmp_16_7_i_fu_1158_p2            |   icmp   |      0|  0|   6|          16|          16|
    |tmp_2_i_fu_705_p2                |   icmp   |      0|  0|   3|           9|           2|
    |tmp_4_i_fu_982_p2                |   icmp   |      0|  0|   6|          17|          17|
    |tmp_6_i_fu_995_p2                |   icmp   |      0|  0|   6|          16|          16|
    |ap_sig_bdd_409                   |    or    |      0|  0|   1|           1|           1|
    |j_1_1_i_fu_1014_p2               |    or    |      0|  0|  10|           9|           2|
    |j_1_2_i_fu_1028_p2               |    or    |      0|  0|  10|           9|           2|
    |j_1_3_i_fu_1042_p2               |    or    |      0|  0|  10|           9|           3|
    |j_1_4_i_fu_1056_p2               |    or    |      0|  0|  10|           9|           3|
    |j_1_5_i_fu_1070_p2               |    or    |      0|  0|  10|           9|           3|
    |j_1_6_i_fu_1084_p2               |    or    |      0|  0|  10|           9|           3|
    |j_1_i_fu_1000_p2                 |    or    |      0|  0|  10|           9|           1|
    |or_cond10_i_fu_1202_p2           |    or    |      0|  0|   1|           1|           1|
    |or_cond11_i_fu_1138_p2           |    or    |      0|  0|   1|           1|           1|
    |or_cond12_i_fu_1206_p2           |    or    |      0|  0|   1|           1|           1|
    |or_cond13_i_fu_1146_p2           |    or    |      0|  0|   1|           1|           1|
    |or_cond14_i_fu_1210_p2           |    or    |      0|  0|   1|           1|           1|
    |or_cond15_i_fu_1154_p2           |    or    |      0|  0|   1|           1|           1|
    |or_cond1_i_fu_1098_p2            |    or    |      0|  0|   1|           1|           1|
    |or_cond2_i_fu_1186_p2            |    or    |      0|  0|   1|           1|           1|
    |or_cond3_i_fu_1106_p2            |    or    |      0|  0|   1|           1|           1|
    |or_cond4_i_fu_1190_p2            |    or    |      0|  0|   1|           1|           1|
    |or_cond5_i_fu_1114_p2            |    or    |      0|  0|   1|           1|           1|
    |or_cond6_i_fu_1194_p2            |    or    |      0|  0|   1|           1|           1|
    |or_cond7_i_fu_1122_p2            |    or    |      0|  0|   1|           1|           1|
    |or_cond8_i_fu_1198_p2            |    or    |      0|  0|   1|           1|           1|
    |or_cond9_i_fu_1130_p2            |    or    |      0|  0|   1|           1|           1|
    |or_cond_i_fu_1162_p2             |    or    |      0|  0|   1|           1|           1|
    |tmp_17_1_i_fu_1218_p2            |    or    |      0|  0|  13|          11|           3|
    |tmp_17_i_fu_1166_p2              |    or    |      0|  0|  13|          11|           2|
    |tmp_22_1_i_fu_1233_p2            |    or    |      0|  0|  13|          11|           3|
    |tmp_22_2_i_fu_1278_p2            |    or    |      0|  0|  13|          11|           3|
    |tmp_22_i_49_fu_1262_p2           |    or    |      0|  0|  10|           9|           9|
    |tmp_22_i_fu_1176_p2              |    or    |      0|  0|  13|          11|           1|
    |tmp_31_1_i_fu_1365_p2            |    or    |      0|  0|  10|           9|           9|
    |tmp_31_2_i_fu_1392_p2            |    or    |      0|  0|  10|           9|           9|
    |tmp_31_3_i_fu_1413_p2            |    or    |      0|  0|  10|           9|           9|
    |tmp_31_4_i_fu_1439_p2            |    or    |      0|  0|  10|           9|           9|
    |tmp_31_5_i_fu_1531_p2            |    or    |      0|  0|  10|           9|           9|
    |tmp_31_6_i_fu_1561_p2            |    or    |      0|  0|  10|           9|           9|
    |tmp_31_7_i_fu_1582_p2            |    or    |      0|  0|  10|           9|           9|
    |tmp_34_1_i_fu_1268_p2            |    or    |      0|  0|  13|          11|           3|
    |tmp_34_i_fu_1228_p2              |    or    |      0|  0|  13|          11|           2|
    +---------------------------------+----------+-------+---+----+------------+------------+
    |Total                            |          |      0|  0| 837|         924|         715|
    +---------------------------------+----------+-------+---+----+------------+------------+

    * Multiplexer: 
    +---------------------------------------+----+-----------+-----+-----------+
    |                  Name                 | LUT| Input Size| Bits| Total Bits|
    +---------------------------------------+----+-----------+-----+-----------+
    |ap_NS_fsm                              |  24|         31|    1|         31|
    |ap_reg_ppiten_pp0_it2                  |   1|          2|    1|          2|
    |ap_reg_ppiten_pp1_it3                  |   1|          2|    1|          2|
    |ap_sig_ioackin_m_axi_frame_in_ARREADY  |   1|          2|    1|          2|
    |featureHist_address0                   |  18|         10|    9|         90|
    |featureHist_address1                   |  18|          9|    9|         81|
    |featureHist_d0                         |  16|          4|   16|         64|
    |featureHist_d1                         |  16|          3|   16|         48|
    |i_i_phi_fu_587_p4                      |   2|          2|    2|          4|
    |i_i_reg_583                            |   2|          2|    2|          4|
    |indvar2_i_phi_fu_553_p4                |  11|          2|   11|         22|
    |indvar2_i_reg_549                      |  11|          2|   11|         22|
    |indvar_flatten_i_phi_fu_565_p4         |   7|          2|    7|         14|
    |indvar_flatten_i_reg_561               |   7|          2|    7|         14|
    |invdar_i_reg_526                       |   9|          2|    9|         18|
    |iterator_i_46_phi_fu_598_p4            |  11|          2|   11|         22|
    |iterator_i_46_reg_594                  |  11|          2|   11|         22|
    |iterator_i_phi_fu_576_p4               |  11|          2|   11|         22|
    |iterator_i_reg_572                     |  11|          2|   11|         22|
    |j_i_phi_fu_609_p4                      |   9|          2|    9|         18|
    |j_i_reg_605                            |   9|          2|    9|         18|
    |k_i_reg_537                            |   7|          2|    7|         14|
    |reg_652                                |  16|          2|   16|         32|
    |reg_661                                |  16|          2|   16|         32|
    |rgb_i_address0                         |  33|         13|   11|        143|
    |rgb_i_address1                         |  33|         14|   11|        154|
    +---------------------------------------+----+-----------+-----+-----------+
    |Total                                  | 311|        122|  226|        917|
    +---------------------------------------+----+-----------+-----+-----------+

    * Register: 
    +-------------------------------------------+----+----+-----+-----------+
    |                    Name                   | FF | LUT| Bits| Const Bits|
    +-------------------------------------------+----+----+-----+-----------+
    |ap_CS_fsm                                  |  30|   0|   30|          0|
    |ap_done_reg                                |   1|   0|    1|          0|
    |ap_reg_ioackin_m_axi_frame_in_ARREADY      |   1|   0|    1|          0|
    |ap_reg_ppiten_pp0_it0                      |   1|   0|    1|          0|
    |ap_reg_ppiten_pp0_it1                      |   1|   0|    1|          0|
    |ap_reg_ppiten_pp0_it2                      |   1|   0|    1|          0|
    |ap_reg_ppiten_pp1_it0                      |   1|   0|    1|          0|
    |ap_reg_ppiten_pp1_it1                      |   1|   0|    1|          0|
    |ap_reg_ppiten_pp1_it2                      |   1|   0|    1|          0|
    |ap_reg_ppiten_pp1_it3                      |   1|   0|    1|          0|
    |ap_reg_ppstg_exitcond5_i_reg_1676_pp0_it1  |   1|   0|    1|          0|
    |ap_reg_ppstg_indvar2_i_reg_549_pp0_it1     |  11|   0|   11|          0|
    |ap_reg_ppstg_or_cond4_i_reg_2002_pp1_it1   |   1|   0|    1|          0|
    |ap_reg_ppstg_or_cond5_i_reg_1930_pp1_it1   |   1|   0|    1|          0|
    |ap_reg_ppstg_or_cond6_i_reg_2006_pp1_it1   |   1|   0|    1|          0|
    |ap_reg_ppstg_or_cond7_i_reg_1939_pp1_it1   |   1|   0|    1|          0|
    |ap_reg_ppstg_or_cond8_i_reg_2010_pp1_it1   |   1|   0|    1|          0|
    |ap_reg_ppstg_or_cond9_i_reg_1948_pp1_it1   |   1|   0|    1|          0|
    |exitcond5_i_reg_1676                       |   1|   0|    1|          0|
    |exitcond_flatten_i_reg_1731                |   1|   0|    1|          0|
    |featureHist_addr_1_reg_2071                |   9|   0|    9|          0|
    |featureHist_addr_2_reg_2172                |   9|   0|    9|          0|
    |featureHist_addr_3_reg_2188                |   9|   0|    9|          0|
    |featureHist_addr_4_reg_2199                |   9|   0|    9|          0|
    |featureHist_addr_5_reg_2230                |   9|   0|    9|          0|
    |featureHist_addr_6_reg_2326                |   9|   0|    9|          0|
    |featureHist_addr_7_reg_2347                |   9|   0|    9|          0|
    |featureHist_addr_8_reg_2358                |   9|   0|    9|          0|
    |frame_in_addr_read_reg_1685                |   8|   0|    8|          0|
    |frame_in_addr_reg_1670                     |  32|   0|   32|          0|
    |i_i_reg_583                                |   2|   0|    2|          0|
    |i_mid2_i_reg_1787                          |   2|   0|    2|          0|
    |indvar2_i_reg_549                          |  11|   0|   11|          0|
    |indvar_flatten_i_reg_561                   |   7|   0|    7|          0|
    |indvar_flatten_next_i_reg_1735             |   7|   0|    7|          0|
    |indvar_next2_i_reg_1680                    |  11|   0|   11|          0|
    |invdar_i_reg_526                           |   9|   0|    9|          0|
    |iterator_i_46_reg_594                      |  11|   0|   11|          0|
    |iterator_i_reg_572                         |  11|   0|   11|          0|
    |iterator_mid2_i_44_reg_1782                |  11|   0|   11|          0|
    |iterator_mid2_i_reg_1740                   |  11|   0|   11|          0|
    |j_1_1_cast_cast_i_reg_1852                 |   8|   0|   16|          8|
    |j_1_2_cast_cast_i_reg_1862                 |   7|   0|   16|          9|
    |j_1_3_cast_cast_i_reg_1872                 |   8|   0|   16|          8|
    |j_1_4_cast_cast_i_reg_1882                 |   7|   0|   16|          9|
    |j_1_5_cast_cast_i_reg_1892                 |   7|   0|   16|          9|
    |j_1_6_cast_cast_i_reg_1902                 |   6|   0|   16|         10|
    |j_1_7_i_reg_1803                           |   9|   0|    9|          0|
    |j_1_cast_cast_i_reg_1842                   |   8|   0|   16|          8|
    |j_cast_cast_i_reg_1832                     |   9|   0|   16|          7|
    |j_i_reg_605                                |   9|   0|    9|          0|
    |j_mid2_i_reg_1769                          |   9|   0|    9|          0|
    |k_i_reg_537                                |   7|   0|    7|          0|
    |k_reg_1660                                 |   7|   0|    7|          0|
    |or_cond10_i_reg_2014                       |   1|   0|    1|          0|
    |or_cond11_i_reg_1957                       |   1|   0|    1|          0|
    |or_cond12_i_reg_2018                       |   1|   0|    1|          0|
    |or_cond13_i_reg_1966                       |   1|   0|    1|          0|
    |or_cond14_i_reg_2022                       |   1|   0|    1|          0|
    |or_cond15_i_reg_1975                       |   1|   0|    1|          0|
    |or_cond1_i_reg_1912                        |   1|   0|    1|          0|
    |or_cond2_i_reg_1998                        |   1|   0|    1|          0|
    |or_cond3_i_reg_1921                        |   1|   0|    1|          0|
    |or_cond4_i_reg_2002                        |   1|   0|    1|          0|
    |or_cond5_i_reg_1930                        |   1|   0|    1|          0|
    |or_cond6_i_reg_2006                        |   1|   0|    1|          0|
    |or_cond7_i_reg_1939                        |   1|   0|    1|          0|
    |or_cond8_i_reg_2010                        |   1|   0|    1|          0|
    |or_cond9_i_reg_1948                        |   1|   0|    1|          0|
    |or_cond_i_reg_1984                         |   1|   0|    1|          0|
    |reg_636                                    |   3|   0|    3|          0|
    |reg_640                                    |   3|   0|    3|          0|
    |reg_644                                    |   3|   0|    3|          0|
    |reg_648                                    |   3|   0|    3|          0|
    |reg_652                                    |  16|   0|   16|          0|
    |reg_657                                    |   3|   0|    3|          0|
    |reg_661                                    |  16|   0|   16|          0|
    |reg_678                                    |  16|   0|   16|          0|
    |reg_684                                    |  16|   0|   16|          0|
    |tmp_10_i_reg_1916                          |   1|   0|    1|          0|
    |tmp_12_1_i_reg_1847                        |   1|   0|    1|          0|
    |tmp_12_2_i_reg_1857                        |   1|   0|    1|          0|
    |tmp_12_3_i_reg_1867                        |   1|   0|    1|          0|
    |tmp_12_4_i_reg_1877                        |   1|   0|    1|          0|
    |tmp_12_5_i_reg_1887                        |   1|   0|    1|          0|
    |tmp_12_6_i_reg_1897                        |   1|   0|    1|          0|
    |tmp_12_7_i_reg_1907                        |   1|   0|    1|          0|
    |tmp_13_7_cast_i_reg_1652                   |  16|   0|   17|          1|
    |tmp_14_7_i_reg_1820                        |   1|   0|    1|          0|
    |tmp_16_1_i_reg_1925                        |   1|   0|    1|          0|
    |tmp_16_2_i_reg_1934                        |   1|   0|    1|          0|
    |tmp_16_3_i_reg_1943                        |   1|   0|    1|          0|
    |tmp_16_4_i_reg_1952                        |   1|   0|    1|          0|
    |tmp_16_5_i_reg_1961                        |   1|   0|    1|          0|
    |tmp_16_6_i_reg_1970                        |   1|   0|    1|          0|
    |tmp_16_7_i_reg_1979                        |   1|   0|    1|          0|
    |tmp_17_2_i_reg_2051                        |  11|   0|   11|          0|
    |tmp_17_3_i_reg_2087                        |  11|   0|   11|          0|
    |tmp_17_4_i_reg_2122                        |  11|   0|   11|          0|
    |tmp_17_5_i_reg_2215                        |  11|   0|   11|          0|
    |tmp_17_6_i_reg_2251                        |  11|   0|   11|          0|
    |tmp_17_7_i_reg_2291                        |  11|   0|   11|          0|
    |tmp_22_3_i_reg_2092                        |  11|   0|   11|          0|
    |tmp_22_4_i_reg_2142                        |  11|   0|   11|          0|
    |tmp_22_5_i_reg_2220                        |  11|   0|   11|          0|
    |tmp_22_6_i_reg_2261                        |  11|   0|   11|          0|
    |tmp_22_7_i_reg_2296                        |  11|   0|   11|          0|
    |tmp_22_i_49_reg_2046                       |   9|   0|    9|          0|
    |tmp_29_2_i_reg_2082                        |   3|   0|    3|          0|
    |tmp_29_3_i_reg_2112                        |   3|   0|    3|          0|
    |tmp_29_4_i_reg_2167                        |   3|   0|    3|          0|
    |tmp_29_6_i_reg_2286                        |   3|   0|    3|          0|
    |tmp_29_7_i_reg_2321                        |   3|   0|    3|          0|
    |tmp_31_1_i_reg_2152                        |   9|   0|    9|          0|
    |tmp_31_2_i_reg_2183                        |   9|   0|    9|          0|
    |tmp_31_3_i_reg_2194                        |   9|   0|    9|          0|
    |tmp_31_4_i_reg_2210                        |   9|   0|    9|          0|
    |tmp_31_5_i_reg_2306                        |   9|   0|    9|          0|
    |tmp_31_6_i_reg_2342                        |   9|   0|    9|          0|
    |tmp_31_7_i_reg_2353                        |   9|   0|    9|          0|
    |tmp_32_i_reg_1726                          |   9|   0|    9|          0|
    |tmp_34_2_i_reg_2066                        |  11|   0|   11|          0|
    |tmp_34_3_i_reg_2117                        |  11|   0|   11|          0|
    |tmp_34_4_i_reg_2205                        |  11|   0|   11|          0|
    |tmp_34_5_i_reg_2246                        |  11|   0|   11|          0|
    |tmp_34_6_i_reg_2271                        |  11|   0|   11|          0|
    |tmp_34_7_i_reg_1798                        |  11|   0|   11|          0|
    |tmp_39_i_reg_2127                          |   3|   0|    3|          0|
    |tmp_3_i_reg_1665                           |  12|   0|   19|          7|
    |tmp_40_i_reg_2132                          |   3|   0|    3|          0|
    |tmp_41_i_reg_2157                          |   3|   0|    3|          0|
    |tmp_42_i_reg_2178                          |   3|   0|    3|          0|
    |tmp_45_i_reg_2276                          |   3|   0|    3|          0|
    |tmp_47_i_reg_2332                          |   3|   0|    3|          0|
    |tmp_48_i_reg_2337                          |   3|   0|    3|          0|
    |tmp_4_i_reg_1808                           |   1|   0|    1|          0|
    |tmp_4_reg_1701                             |  33|   0|   33|          0|
    |tmp_5_reg_1695                             |   1|   0|    1|          0|
    |tmp_6_i_reg_1837                           |   1|   0|    1|          0|
    |tmp_6_reg_1711                             |  10|   0|   10|          0|
    |tmp_7_reg_1706                             |  11|   0|   11|          0|
    |tmp_8_reg_1716                             |   9|   0|    9|          0|
    |tmp_91_cast_i_reg_1647                     |  16|   0|   17|          1|
    |tmp_9_reg_1721                             |   9|   0|    9|          0|
    |tmp_cast_i_reg_1634                        |  34|   0|   34|          0|
    |tmp_i_reg_1793                             |   9|   0|    9|          0|
    |iterator_mid2_i_reg_1740                   |   0|  11|   11|          0|
    |or_cond10_i_reg_2014                       |   0|   1|    1|          0|
    |or_cond11_i_reg_1957                       |   0|   1|    1|          0|
    |or_cond12_i_reg_2018                       |   0|   1|    1|          0|
    |or_cond13_i_reg_1966                       |   0|   1|    1|          0|
    |or_cond14_i_reg_2022                       |   0|   1|    1|          0|
    |or_cond15_i_reg_1975                       |   0|   1|    1|          0|
    +-------------------------------------------+----+----+-----+-----------+
    |Total                                      | 942|  17| 1036|         77|
    +-------------------------------------------+----+----+-----+-----------+



================================================================
== Interface
================================================================
* Summary: 
+-------------------------+-----+-----+------------+---------------------------------------+--------------+
|        RTL Ports        | Dir | Bits|  Protocol  |             Source Object             |    C Type    |
+-------------------------+-----+-----+------------+---------------------------------------+--------------+
|ap_clk                   |  in |    1| ap_ctrl_hs | feature_Loop_memset_featureHist_proc1 | return value |
|ap_rst                   |  in |    1| ap_ctrl_hs | feature_Loop_memset_featureHist_proc1 | return value |
|ap_start                 |  in |    1| ap_ctrl_hs | feature_Loop_memset_featureHist_proc1 | return value |
|ap_done                  | out |    1| ap_ctrl_hs | feature_Loop_memset_featureHist_proc1 | return value |
|ap_continue              |  in |    1| ap_ctrl_hs | feature_Loop_memset_featureHist_proc1 | return value |
|ap_idle                  | out |    1| ap_ctrl_hs | feature_Loop_memset_featureHist_proc1 | return value |
|ap_ready                 | out |    1| ap_ctrl_hs | feature_Loop_memset_featureHist_proc1 | return value |
|featureHist_address0     | out |    9|  ap_memory |              featureHist              |     array    |
|featureHist_ce0          | out |    1|  ap_memory |              featureHist              |     array    |
|featureHist_we0          | out |    1|  ap_memory |              featureHist              |     array    |
|featureHist_d0           | out |   16|  ap_memory |              featureHist              |     array    |
|featureHist_q0           |  in |   16|  ap_memory |              featureHist              |     array    |
|featureHist_address1     | out |    9|  ap_memory |              featureHist              |     array    |
|featureHist_ce1          | out |    1|  ap_memory |              featureHist              |     array    |
|featureHist_we1          | out |    1|  ap_memory |              featureHist              |     array    |
|featureHist_d1           | out |   16|  ap_memory |              featureHist              |     array    |
|featureHist_q1           |  in |   16|  ap_memory |              featureHist              |     array    |
|m_axi_frame_in_AWVALID   | out |    1|    m_axi   |                frame_in               |    pointer   |
|m_axi_frame_in_AWREADY   |  in |    1|    m_axi   |                frame_in               |    pointer   |
|m_axi_frame_in_AWADDR    | out |   32|    m_axi   |                frame_in               |    pointer   |
|m_axi_frame_in_AWID      | out |    1|    m_axi   |                frame_in               |    pointer   |
|m_axi_frame_in_AWLEN     | out |   32|    m_axi   |                frame_in               |    pointer   |
|m_axi_frame_in_AWSIZE    | out |    3|    m_axi   |                frame_in               |    pointer   |
|m_axi_frame_in_AWBURST   | out |    2|    m_axi   |                frame_in               |    pointer   |
|m_axi_frame_in_AWLOCK    | out |    2|    m_axi   |                frame_in               |    pointer   |
|m_axi_frame_in_AWCACHE   | out |    4|    m_axi   |                frame_in               |    pointer   |
|m_axi_frame_in_AWPROT    | out |    3|    m_axi   |                frame_in               |    pointer   |
|m_axi_frame_in_AWQOS     | out |    4|    m_axi   |                frame_in               |    pointer   |
|m_axi_frame_in_AWREGION  | out |    4|    m_axi   |                frame_in               |    pointer   |
|m_axi_frame_in_AWUSER    | out |    1|    m_axi   |                frame_in               |    pointer   |
|m_axi_frame_in_WVALID    | out |    1|    m_axi   |                frame_in               |    pointer   |
|m_axi_frame_in_WREADY    |  in |    1|    m_axi   |                frame_in               |    pointer   |
|m_axi_frame_in_WDATA     | out |    8|    m_axi   |                frame_in               |    pointer   |
|m_axi_frame_in_WSTRB     | out |    1|    m_axi   |                frame_in               |    pointer   |
|m_axi_frame_in_WLAST     | out |    1|    m_axi   |                frame_in               |    pointer   |
|m_axi_frame_in_WID       | out |    1|    m_axi   |                frame_in               |    pointer   |
|m_axi_frame_in_WUSER     | out |    1|    m_axi   |                frame_in               |    pointer   |
|m_axi_frame_in_ARVALID   | out |    1|    m_axi   |                frame_in               |    pointer   |
|m_axi_frame_in_ARREADY   |  in |    1|    m_axi   |                frame_in               |    pointer   |
|m_axi_frame_in_ARADDR    | out |   32|    m_axi   |                frame_in               |    pointer   |
|m_axi_frame_in_ARID      | out |    1|    m_axi   |                frame_in               |    pointer   |
|m_axi_frame_in_ARLEN     | out |   32|    m_axi   |                frame_in               |    pointer   |
|m_axi_frame_in_ARSIZE    | out |    3|    m_axi   |                frame_in               |    pointer   |
|m_axi_frame_in_ARBURST   | out |    2|    m_axi   |                frame_in               |    pointer   |
|m_axi_frame_in_ARLOCK    | out |    2|    m_axi   |                frame_in               |    pointer   |
|m_axi_frame_in_ARCACHE   | out |    4|    m_axi   |                frame_in               |    pointer   |
|m_axi_frame_in_ARPROT    | out |    3|    m_axi   |                frame_in               |    pointer   |
|m_axi_frame_in_ARQOS     | out |    4|    m_axi   |                frame_in               |    pointer   |
|m_axi_frame_in_ARREGION  | out |    4|    m_axi   |                frame_in               |    pointer   |
|m_axi_frame_in_ARUSER    | out |    1|    m_axi   |                frame_in               |    pointer   |
|m_axi_frame_in_RVALID    |  in |    1|    m_axi   |                frame_in               |    pointer   |
|m_axi_frame_in_RREADY    | out |    1|    m_axi   |                frame_in               |    pointer   |
|m_axi_frame_in_RDATA     |  in |    8|    m_axi   |                frame_in               |    pointer   |
|m_axi_frame_in_RLAST     |  in |    1|    m_axi   |                frame_in               |    pointer   |
|m_axi_frame_in_RID       |  in |    1|    m_axi   |                frame_in               |    pointer   |
|m_axi_frame_in_RUSER     |  in |    1|    m_axi   |                frame_in               |    pointer   |
|m_axi_frame_in_RRESP     |  in |    2|    m_axi   |                frame_in               |    pointer   |
|m_axi_frame_in_BVALID    |  in |    1|    m_axi   |                frame_in               |    pointer   |
|m_axi_frame_in_BREADY    | out |    1|    m_axi   |                frame_in               |    pointer   |
|m_axi_frame_in_BRESP     |  in |    2|    m_axi   |                frame_in               |    pointer   |
|m_axi_frame_in_BID       |  in |    1|    m_axi   |                frame_in               |    pointer   |
|m_axi_frame_in_BUSER     |  in |    1|    m_axi   |                frame_in               |    pointer   |
|frame_in1_dout           |  in |   32|   ap_fifo  |               frame_in1               |    pointer   |
|frame_in1_empty_n        |  in |    1|   ap_fifo  |               frame_in1               |    pointer   |
|frame_in1_read           | out |    1|   ap_fifo  |               frame_in1               |    pointer   |
|p_read                   |  in |   16|   ap_none  |                 p_read                |    scalar    |
|p_read1                  |  in |   16|   ap_none  |                p_read1                |    scalar    |
|p_read2                  |  in |   16|   ap_none  |                p_read2                |    scalar    |
|p_read3                  |  in |   16|   ap_none  |                p_read3                |    scalar    |
+-------------------------+-----+-----+------------+---------------------------------------+--------------+

