@I [HLS-0] Workspace /home/zynq-fyp/Desktop/maxi_latest/maxi_feature/solution1 opened at Thu Dec 28 16:15:20 +0530 2017
@I [HLS-100] Command "config_clock -quiet -name default -period 10 -default=false "
@I [SYN-201] Setting up clock 'default' with a period of 10ns.
@I [HLS-100] Command 'config_clock' returned 0; elapsed 3.8e-05Total elapsed time: 0.134 sec.
@I [HLS-100] Command "open_platform DefaultPlatform "
@I [HLS-100] Command 'open_platform' returned 0; elapsed 2.5e-05Total elapsed time: 0.135 sec.
@I [HLS-100] Command "import_lib /home/zynq-fyp/Xilinx/Vivado_HLS/2015.4/common/technology/xilinx/zynq/zynq "
@I [HLS-100] Command "source /home/zynq-fyp/Xilinx/Vivado_HLS/2015.4/common/technology/xilinx/common/xilinx.lib "
@I [HLS-100] Command "source /home/zynq-fyp/Xilinx/Vivado_HLS/2015.4/common/technology/xilinx/interface/xilinx_interface.lib "
@I [HLS-100] Command "source /home/zynq-fyp/Xilinx/Vivado_HLS/2015.4/common/technology/xilinx/interface/plb46.lib "
@I [HLS-100] Command 'ap_source' returned 0; elapsed 0.000167Total elapsed time: 0.135 sec.
@I [HLS-100] Command "source /home/zynq-fyp/Xilinx/Vivado_HLS/2015.4/common/technology/xilinx/interface/fsl.lib "
@I [HLS-100] Command 'ap_source' returned 0; elapsed 7.3e-05Total elapsed time: 0.135 sec.
@I [HLS-100] Command "source /home/zynq-fyp/Xilinx/Vivado_HLS/2015.4/common/technology/xilinx/interface/axi4.lib "
@I [HLS-100] Command 'ap_source' returned 0; elapsed 0.000103Total elapsed time: 0.135 sec.
@I [HLS-100] Command "source /home/zynq-fyp/Xilinx/Vivado_HLS/2015.4/common/technology/xilinx/interface/maxi.lib "
@I [HLS-100] Command 'ap_source' returned 0; elapsed 9.1e-05Total elapsed time: 0.135 sec.
@I [HLS-100] Command "source /home/zynq-fyp/Xilinx/Vivado_HLS/2015.4/common/technology/xilinx/interface/saxilite.lib "
@I [HLS-100] Command 'ap_source' returned 0; elapsed 5.8e-05Total elapsed time: 0.136 sec.
@I [HLS-100] Command 'ap_source' returned 0; elapsed 0.000657Total elapsed time: 0.136 sec.
@I [HLS-100] Command "source /home/zynq-fyp/Xilinx/Vivado_HLS/2015.4/common/technology/xilinx/common/dsp48.lib "
@I [HLS-100] Command 'ap_source' returned 0; elapsed 5.5e-05Total elapsed time: 0.136 sec.
@I [HLS-100] Command "source /home/zynq-fyp/Xilinx/Vivado_HLS/2015.4/common/technology/xilinx/ip/xfir.lib "
@I [HLS-100] Command 'ap_source' returned 0; elapsed 4e-05Total elapsed time: 0.136 sec.
@I [HLS-100] Command "source /home/zynq-fyp/Xilinx/Vivado_HLS/2015.4/common/technology/xilinx/ip/xfft.lib "
@I [HLS-100] Command 'ap_source' returned 0; elapsed 3.3e-05Total elapsed time: 0.136 sec.
@I [HLS-100] Command "source /home/zynq-fyp/Xilinx/Vivado_HLS/2015.4/common/technology/xilinx/ip/dds_compiler.lib "
@I [HLS-100] Command 'ap_source' returned 0; elapsed 3.2e-05Total elapsed time: 0.136 sec.
@I [HLS-100] Command 'ap_source' returned 0; elapsed 0.002143Total elapsed time: 0.137 sec.
@I [HLS-100] Command "source /home/zynq-fyp/Xilinx/Vivado_HLS/2015.4/common/technology/xilinx/common/xilinx_old.lib "
@I [HLS-100] Command 'ap_source' returned 0; elapsed 0.000356Total elapsed time: 0.138 sec.
@I [HLS-100] Command "source /home/zynq-fyp/Xilinx/Vivado_HLS/2015.4/common/technology/xilinx/common/xilinx_vivado.lib "
@I [HLS-100] Command 'ap_source' returned 0; elapsed 0.000373Total elapsed time: 0.139 sec.
@I [HLS-100] Command "source /home/zynq-fyp/Xilinx/Vivado_HLS/2015.4/common/technology/xilinx/common/xilinx.hlp "
@I [HLS-100] Command "source /home/zynq-fyp/Xilinx/Vivado_HLS/2015.4/common/technology/xilinx/common/target_info.tcl "
@I [HLS-100] Command 'ap_source' returned 0; elapsed 5.5e-05Total elapsed time: 0.140 sec.
@I [HLS-100] Command "source /home/zynq-fyp/Xilinx/Vivado_HLS/2015.4/common/technology/xilinx/interface/xilinx_interface.hlp "
@I [HLS-100] Command "source /home/zynq-fyp/Xilinx/Vivado_HLS/2015.4/common/technology/xilinx/interface/maxi.hlp "
@I [HLS-100] Command 'ap_source' returned 0; elapsed 4.2e-05Total elapsed time: 0.140 sec.
@I [HLS-100] Command "source /home/zynq-fyp/Xilinx/Vivado_HLS/2015.4/common/technology/xilinx/interface/saxilite.hlp "
@I [HLS-100] Command 'ap_source' returned 0; elapsed 4.1e-05Total elapsed time: 0.140 sec.
@I [HLS-100] Command 'ap_source' returned 0; elapsed 0.000145Total elapsed time: 0.140 sec.
@I [HLS-100] Command "source /home/zynq-fyp/Xilinx/Vivado_HLS/2015.4/common/technology/xilinx/common/dsp48.hlp "
@I [HLS-100] Command 'ap_source' returned 0; elapsed 0.000307Total elapsed time: 0.140 sec.
@I [HLS-100] Command 'ap_source' returned 0; elapsed 0.001092Total elapsed time: 0.141 sec.
@I [HLS-100] Command "source /home/zynq-fyp/Xilinx/Vivado_HLS/2015.4/common/technology/xilinx/zynq/dsp48e1.hlp "
@I [HLS-100] Command 'ap_source' returned 0; elapsed 3.8e-05Total elapsed time: 0.141 sec.
@I [HLS-100] Command "get_default_platform "
@I [HLS-100] Command 'get_default_platform' returned 0; elapsed 3e-06Total elapsed time: 0.141 sec.
@I [HLS-100] Command "config_chip_info -quiet -resource  {SLICE 13300}  {LUT 53200}     {FF 106400} {DSP48E 220}   {BRAM 280}  "
@I [HLS-100] Command 'config_chip_info' returned 0; elapsed 8e-06Total elapsed time: 0.141 sec.
@I [HLS-100] Command "config_chip_info -quiet -speed medium "
@I [HLS-100] Command 'config_chip_info' returned 0; elapsed 2e-06Total elapsed time: 0.141 sec.
@I [HLS-100] Command 'import_lib' returned 0; elapsed 0.006944Total elapsed time: 0.142 sec.
@I [HLS-100] Command "source /home/zynq-fyp/Xilinx/Vivado_HLS/2015.4/common/technology/xilinx/zynq/zynq.gen "
@I [HLS-100] Command "source /home/zynq-fyp/Xilinx/Vivado_HLS/2015.4/common/technology/xilinx/common/virtex.gen "
@I [HLS-100] Command "source /home/zynq-fyp/Xilinx/Vivado_HLS/2015.4/common/technology/xilinx/common/xilinx.gen "
@I [HLS-100] Command "source /home/zynq-fyp/Xilinx/Vivado_HLS/2015.4/common/technology/xilinx/interface/plb46.gen "
@I [HLS-100] Command 'ap_source' returned 0; elapsed 0.000584Total elapsed time: 0.143 sec.
@I [HLS-100] Command "source /home/zynq-fyp/Xilinx/Vivado_HLS/2015.4/common/technology/xilinx/interface/fsl.gen "
@I [HLS-100] Command 'ap_source' returned 0; elapsed 0.000221Total elapsed time: 0.143 sec.
@I [HLS-100] Command "source /home/zynq-fyp/Xilinx/Vivado_HLS/2015.4/common/technology/xilinx/interface/axi4.gen "
@I [HLS-100] Command 'ap_source' returned 0; elapsed 0.001085Total elapsed time: 0.144 sec.
@I [HLS-100] Command "source /home/zynq-fyp/Xilinx/Vivado_HLS/2015.4/common/technology/xilinx/interface/nativeAXI4.gen "
@I [HLS-100] Command "source /home/zynq-fyp/Xilinx/Vivado_HLS/2015.4/common/technology/xilinx/interface/saxilite.gen "
@I [HLS-100] Command 'ap_source' returned 0; elapsed 0.001898Total elapsed time: 0.146 sec.
@I [HLS-100] Command "source /home/zynq-fyp/Xilinx/Vivado_HLS/2015.4/common/technology/xilinx/interface/maxi.gen "
@I [HLS-100] Command 'ap_source' returned 0; elapsed 0.004634Total elapsed time: 0.151 sec.
@I [HLS-100] Command 'ap_source' returned 0; elapsed 0.006614Total elapsed time: 0.151 sec.
@I [HLS-100] Command "source /home/zynq-fyp/Xilinx/Vivado_HLS/2015.4/common/technology/xilinx/scripts/xilinxcoregen.gen "
@I [HLS-100] Command 'ap_source' returned 0; elapsed 0.004753Total elapsed time: 0.155 sec.
@I [HLS-100] Command "source /home/zynq-fyp/Xilinx/Vivado_HLS/2015.4/common/technology/xilinx/interface/XilEDKCoreGen.gen "
@I [HLS-100] Command 'ap_source' returned 0; elapsed 0.004492Total elapsed time: 0.160 sec.
@I [HLS-100] Command "source /home/zynq-fyp/Xilinx/Vivado_HLS/2015.4/common/technology/xilinx/ip/xfft.gen "
@I [HLS-100] Command 'ap_source' returned 0; elapsed 0.061921Total elapsed time: 0.222 sec.
@I [HLS-100] Command "source /home/zynq-fyp/Xilinx/Vivado_HLS/2015.4/common/technology/xilinx/ip/xfir.gen "
@I [HLS-100] Command "source /home/zynq-fyp/Xilinx/Vivado_HLS/2015.4/tps/tcl/tcllib1.11.1/struct/list.tcl "
@I [HLS-100] Command "source /home/zynq-fyp/Xilinx/Vivado_HLS/2015.4/tps/tcl/tcllib1.11.1/cmdline/cmdline.tcl "
@I [HLS-100] Command 'ap_source' returned 0; elapsed 0.000581Total elapsed time: 0.232 sec.
@I [HLS-100] Command 'ap_source' returned 0; elapsed 0.001211Total elapsed time: 0.233 sec.
@I [HLS-100] Command "source /home/zynq-fyp/Xilinx/Vivado_HLS/2015.4/tps/tcl/tcllib1.11.1/math/bignum.tcl "
@I [HLS-100] Command 'ap_source' returned 0; elapsed 0.000343Total elapsed time: 0.238 sec.
@I [HLS-100] Command 'ap_source' returned 0; elapsed 0.021282Total elapsed time: 0.243 sec.
@I [HLS-100] Command "source /home/zynq-fyp/Xilinx/Vivado_HLS/2015.4/common/technology/xilinx/ip/util.gen "
@I [HLS-100] Command 'ap_source' returned 0; elapsed 7.9e-05Total elapsed time: 0.243 sec.
@I [HLS-100] Command "source /home/zynq-fyp/Xilinx/Vivado_HLS/2015.4/common/technology/xilinx/ip/dds_compiler.gen "
@I [HLS-100] Command 'ap_source' returned 0; elapsed 0.001757Total elapsed time: 0.245 sec.
@I [HLS-100] Command 'ap_source' returned 0; elapsed 0.10316Total elapsed time: 0.245 sec.
@I [HLS-100] Command "source /home/zynq-fyp/Xilinx/Vivado_HLS/2015.4/common/technology/xilinx/common/dsp48.gen "
@I [HLS-100] Command 'ap_source' returned 0; elapsed 6.4e-05Total elapsed time: 0.246 sec.
@I [HLS-100] Command 'ap_source' returned 0; elapsed 0.104162Total elapsed time: 0.246 sec.
@I [HLS-100] Command 'ap_source' returned 0; elapsed 0.104223Total elapsed time: 0.246 sec.
@I [HLS-100] Command "open_platform DefaultPlatform "
@I [HLS-100] Command 'open_platform' returned 0; elapsed 4e-06Total elapsed time: 0.246 sec.
@I [HLS-100] Command "import_lib /home/zynq-fyp/Xilinx/Vivado_HLS/2015.4/common/technology/xilinx/zynq/zynq_fpv6 "
@I [HLS-100] Command "source /home/zynq-fyp/Xilinx/Vivado_HLS/2015.4/common/technology/xilinx/common/xilinx_fpv7.lib "
@I [HLS-100] Command "source /home/zynq-fyp/Xilinx/Vivado_HLS/2015.4/common/technology/xilinx/common/xilinx_hp.lib "
@I [HLS-100] Command 'ap_source' returned 0; elapsed 0.000398Total elapsed time: 0.247 sec.
@I [HLS-100] Command 'ap_source' returned 0; elapsed 0.002067Total elapsed time: 0.248 sec.
@I [HLS-100] Command "source /home/zynq-fyp/Xilinx/Vivado_HLS/2015.4/common/technology/xilinx/common/xilinx_fpv.hlp "
@I [HLS-100] Command "source /home/zynq-fyp/Xilinx/Vivado_HLS/2015.4/common/technology/xilinx/common/xilinx.hlp "
@I [HLS-100] Command "source /home/zynq-fyp/Xilinx/Vivado_HLS/2015.4/common/technology/xilinx/common/target_info.tcl "
@I [HLS-100] Command 'ap_source' returned 0; elapsed 8.3e-05Total elapsed time: 0.252 sec.
@I [HLS-100] Command "source /home/zynq-fyp/Xilinx/Vivado_HLS/2015.4/common/technology/xilinx/interface/xilinx_interface.hlp "
@I [HLS-100] Command "source /home/zynq-fyp/Xilinx/Vivado_HLS/2015.4/common/technology/xilinx/interface/maxi.hlp "
@I [HLS-100] Command 'ap_source' returned 0; elapsed 4.8e-05Total elapsed time: 0.252 sec.
@I [HLS-100] Command "source /home/zynq-fyp/Xilinx/Vivado_HLS/2015.4/common/technology/xilinx/interface/saxilite.hlp "
@I [HLS-100] Command 'ap_source' returned 0; elapsed 4.6e-05Total elapsed time: 0.252 sec.
@I [HLS-100] Command 'ap_source' returned 0; elapsed 0.000156Total elapsed time: 0.252 sec.
@I [HLS-100] Command "source /home/zynq-fyp/Xilinx/Vivado_HLS/2015.4/common/technology/xilinx/common/dsp48.hlp "
@I [HLS-100] Command 'ap_source' returned 0; elapsed 0.000341Total elapsed time: 0.252 sec.
@I [HLS-100] Command 'ap_source' returned 0; elapsed 0.001186Total elapsed time: 0.253 sec.
@I [HLS-100] Command 'ap_source' returned 0; elapsed 0.001484Total elapsed time: 0.253 sec.
@I [HLS-100] Command "source /home/zynq-fyp/Xilinx/Vivado_HLS/2015.4/common/technology/xilinx/zynq/zynq_hp.hlp "
@I [HLS-100] Command 'ap_source' returned 0; elapsed 0.000438Total elapsed time: 0.253 sec.
@I [HLS-100] Command 'import_lib' returned 0; elapsed 0.009731Total elapsed time: 0.256 sec.
@I [HLS-100] Command "source /home/zynq-fyp/Xilinx/Vivado_HLS/2015.4/common/technology/xilinx/zynq/zynq_fpv6.gen "
@I [HLS-100] Command "source /home/zynq-fyp/Xilinx/Vivado_HLS/2015.4/common/technology/xilinx/common/xilinx_fpv6.gen "
@I [HLS-100] Command 'ap_source' returned 0; elapsed 0.000864Total elapsed time: 0.257 sec.
@I [HLS-100] Command 'ap_source' returned 0; elapsed 0.000927Total elapsed time: 0.257 sec.
@I [HLS-100] Command "set_part xc7z020clg484-1 "
@I [HLS-100] Command "add_library xilinx/zynq/zynq:xc7z020:clg484:-1 "
@I [HLS-100] Command "get_default_platform "
@I [HLS-100] Command 'get_default_platform' returned 0; elapsed 4e-06Total elapsed time: 0.259 sec.
@I [HLS-100] Command "license_isbetapart xc7z020 "
@I [HLS-100] Command 'license_isbetapart' returned 1; elapsed 0.004421Total elapsed time: 0.263 sec.
@I [HLS-100] Command "get_default_platform "
@I [HLS-100] Command 'get_default_platform' returned 0; elapsed 5e-06Total elapsed time: 0.264 sec.
@I [HLS-100] Command "config_chip_info -quiet -resource  {SLICE 13300}  {LUT 53200}     {FF 106400} {DSP48E 220}   {BRAM 280}  "
@I [HLS-100] Command 'config_chip_info' returned 0; elapsed 1.1e-05Total elapsed time: 0.264 sec.
@I [HLS-100] Command "config_chip_info -quiet -speed slow "
@I [HLS-100] Command 'config_chip_info' returned 0; elapsed 2e-06Total elapsed time: 0.264 sec.
@I [HLS-100] Command 'add_library' returned 0; elapsed 0.006015Total elapsed time: 0.264 sec.
@I [HLS-100] Command "add_library xilinx/zynq/zynq_fpv6 "
@I [HLS-100] Command "get_default_platform "
@I [HLS-100] Command 'get_default_platform' returned 0; elapsed 3e-06Total elapsed time: 0.265 sec.
@I [HLS-100] Command 'add_library' returned 0; elapsed 0.000786Total elapsed time: 0.265 sec.
@I [HLS-10] Setting target device to 'xc7z020clg484-1'
@I [HLS-100] Command 'set_part' returned 0; elapsed 0.008238Total elapsed time: 0.265 sec.
@I [HLS-100] Command "get_default_platform "
@I [HLS-100] Command 'get_default_platform' returned 0; elapsed 2e-06Total elapsed time: 0.265 sec.
@I [HLS-100] Command "config_chip_info -quiet -resource  {SLICE 13300}  {LUT 53200}     {FF 106400} {DSP48E 220}   {BRAM 280}  "
@I [HLS-100] Command 'config_chip_info' returned 0; elapsed 1.7e-05Total elapsed time: 0.265 sec.
@I [HLS-100] Command "config_chip_info -quiet -speed slow "
@I [HLS-100] Command 'config_chip_info' returned 0; elapsed 2e-06Total elapsed time: 0.266 sec.
@I [HLS-100] Command 'open_solution' returned 0; elapsed 0.134331Total elapsed time: 0.266 sec.
@I [HLS-100] Command "export_design -format ip_catalog "
@I [HLS-100] Command "source /home/zynq-fyp/Desktop/maxi_latest/maxi_feature/solution1/.autopilot/db/global.setting.tcl "
@I [HLS-100] Command 'ap_source' returned 0; elapsed 9.5e-05Total elapsed time: 0.269 sec.
@I [HLS-100] Command "source /home/zynq-fyp/Xilinx/Vivado_HLS/2015.4/common/technology/generic/autopilot/common.gen "
@I [HLS-100] Command "source /home/zynq-fyp/Xilinx/Vivado_HLS/2015.4/common/technology/generic/autopilot/APCoreGen.gen "
@I [HLS-100] Command 'ap_source' returned 0; elapsed 0.000294Total elapsed time: 0.271 sec.
@I [HLS-100] Command 'ap_source' returned 0; elapsed 0.000545Total elapsed time: 0.271 sec.
@I [HLS-100] Command "source /home/zynq-fyp/Xilinx/Vivado_HLS/2015.4/common/technology/generic/autopilot/op.gen "
@I [HLS-100] Command 'ap_source' returned 0; elapsed 0.000168Total elapsed time: 0.271 sec.
@I [HLS-100] Command "source /home/zynq-fyp/Xilinx/Vivado_HLS/2015.4/common/technology/generic/autopilot/op_simcore.gen "
@I [HLS-100] Command 'ap_source' returned 0; elapsed 0.000458Total elapsed time: 0.272 sec.
@I [HLS-100] Command "source /home/zynq-fyp/Xilinx/Vivado_HLS/2015.4/common/technology/generic/autopilot/interface.gen "
@I [HLS-100] Command 'ap_source' returned 0; elapsed 3.5e-05Total elapsed time: 0.272 sec.
@I [HLS-100] Command "source /home/zynq-fyp/Desktop/maxi_latest/maxi_feature/solution1/.autopilot/db/global.setting.tcl "
@I [HLS-100] Command 'ap_source' returned 0; elapsed 7.3e-05Total elapsed time: 0.272 sec.
@I [HLS-100] Command "source /home/zynq-fyp/Xilinx/Vivado_HLS/2015.4/common/technology/xilinx/zynq/zynq.gen "
@I [HLS-100] Command "source /home/zynq-fyp/Xilinx/Vivado_HLS/2015.4/common/technology/xilinx/common/virtex.gen "
@I [HLS-100] Command "source /home/zynq-fyp/Xilinx/Vivado_HLS/2015.4/common/technology/xilinx/common/xilinx.gen "
@I [HLS-100] Command "source /home/zynq-fyp/Xilinx/Vivado_HLS/2015.4/common/technology/xilinx/interface/plb46.gen "
@I [HLS-100] Command 'ap_source' returned 0; elapsed 0.000627Total elapsed time: 0.273 sec.
@I [HLS-100] Command "source /home/zynq-fyp/Xilinx/Vivado_HLS/2015.4/common/technology/xilinx/interface/fsl.gen "
@I [HLS-100] Command 'ap_source' returned 0; elapsed 0.00023Total elapsed time: 0.273 sec.
@I [HLS-100] Command "source /home/zynq-fyp/Xilinx/Vivado_HLS/2015.4/common/technology/xilinx/interface/axi4.gen "
@I [HLS-100] Command 'ap_source' returned 0; elapsed 0.001114Total elapsed time: 0.274 sec.
@I [HLS-100] Command "source /home/zynq-fyp/Xilinx/Vivado_HLS/2015.4/common/technology/xilinx/interface/nativeAXI4.gen "
@I [HLS-100] Command "source /home/zynq-fyp/Xilinx/Vivado_HLS/2015.4/common/technology/xilinx/interface/saxilite.gen "
@I [HLS-100] Command 'ap_source' returned 0; elapsed 0.001909Total elapsed time: 0.276 sec.
@I [HLS-100] Command "source /home/zynq-fyp/Xilinx/Vivado_HLS/2015.4/common/technology/xilinx/interface/maxi.gen "
@I [HLS-100] Command 'ap_source' returned 0; elapsed 0.003803Total elapsed time: 0.280 sec.
@I [HLS-100] Command 'ap_source' returned 0; elapsed 0.005789Total elapsed time: 0.280 sec.
@I [HLS-100] Command "source /home/zynq-fyp/Xilinx/Vivado_HLS/2015.4/common/technology/xilinx/scripts/xilinxcoregen.gen "
@I [HLS-100] Command 'ap_source' returned 0; elapsed 0.004838Total elapsed time: 0.285 sec.
@I [HLS-100] Command "source /home/zynq-fyp/Xilinx/Vivado_HLS/2015.4/common/technology/xilinx/interface/XilEDKCoreGen.gen "
@I [HLS-100] Command 'ap_source' returned 0; elapsed 0.004476Total elapsed time: 0.289 sec.
@I [HLS-100] Command "source /home/zynq-fyp/Xilinx/Vivado_HLS/2015.4/common/technology/xilinx/ip/xfft.gen "
@I [HLS-100] Command 'ap_source' returned 0; elapsed 0.058637Total elapsed time: 0.348 sec.
@I [HLS-100] Command "source /home/zynq-fyp/Xilinx/Vivado_HLS/2015.4/common/technology/xilinx/ip/xfir.gen "
@I [HLS-100] Command 'ap_source' returned 0; elapsed 0.017751Total elapsed time: 0.366 sec.
@I [HLS-100] Command "source /home/zynq-fyp/Xilinx/Vivado_HLS/2015.4/common/technology/xilinx/ip/util.gen "
@I [HLS-100] Command 'ap_source' returned 0; elapsed 0.000134Total elapsed time: 0.366 sec.
@I [HLS-100] Command "source /home/zynq-fyp/Xilinx/Vivado_HLS/2015.4/common/technology/xilinx/ip/dds_compiler.gen "
@I [HLS-100] Command 'ap_source' returned 0; elapsed 0.001948Total elapsed time: 0.368 sec.
@I [HLS-100] Command 'ap_source' returned 0; elapsed 0.095948Total elapsed time: 0.368 sec.
@I [HLS-100] Command "source /home/zynq-fyp/Xilinx/Vivado_HLS/2015.4/common/technology/xilinx/common/dsp48.gen "
@I [HLS-100] Command 'ap_source' returned 0; elapsed 6.8e-05Total elapsed time: 0.369 sec.
@I [HLS-100] Command 'ap_source' returned 0; elapsed 0.096977Total elapsed time: 0.369 sec.
@I [HLS-100] Command 'ap_source' returned 0; elapsed 0.097032Total elapsed time: 0.369 sec.
@I [HLS-100] Command "source /home/zynq-fyp/Xilinx/Vivado_HLS/2015.4/common/technology/xilinx/zynq/zynq_fpv6.gen "
@I [HLS-100] Command "source /home/zynq-fyp/Xilinx/Vivado_HLS/2015.4/common/technology/xilinx/common/xilinx_fpv6.gen "
@I [HLS-100] Command 'ap_source' returned 0; elapsed 0.000848Total elapsed time: 0.370 sec.
@I [HLS-100] Command 'ap_source' returned 0; elapsed 0.000904Total elapsed time: 0.370 sec.
@I [HLS-100] Command "source /home/zynq-fyp/Desktop/maxi_latest/maxi_feature/solution1/.autopilot/db/global.setting.tcl "
@I [HLS-100] Command 'ap_source' returned 0; elapsed 8.8e-05Total elapsed time: 0.370 sec.
@I [IMPL-8] Exporting RTL as an IP in IP-XACT.
@I [HLS-100] Command "source /home/zynq-fyp/Desktop/maxi_latest/maxi_feature/solution1/.autopilot/db/global.setting.tcl "
@I [HLS-100] Command 'ap_source' returned 0; elapsed 7.7e-05Total elapsed time: 0.371 sec.
@I [HLS-100] Command "source /home/zynq-fyp/Desktop/maxi_latest/maxi_feature/solution1/.autopilot/db/global.setting.tcl "
@I [HLS-100] Command 'ap_source' returned 0; elapsed 8.6e-05Total elapsed time: 0.373 sec.
@I [HLS-100] Command "source /home/zynq-fyp/Xilinx/Vivado_HLS/2015.4/common/technology/generic/autopilot/common.gen "
@I [HLS-100] Command "source /home/zynq-fyp/Xilinx/Vivado_HLS/2015.4/common/technology/generic/autopilot/APCoreGen.gen "
@I [HLS-100] Command 'ap_source' returned 0; elapsed 0.000281Total elapsed time: 0.374 sec.
@I [HLS-100] Command 'ap_source' returned 0; elapsed 0.000575Total elapsed time: 0.374 sec.
@I [HLS-100] Command "source /home/zynq-fyp/Xilinx/Vivado_HLS/2015.4/common/technology/generic/autopilot/op.gen "
@I [HLS-100] Command 'ap_source' returned 0; elapsed 0.000161Total elapsed time: 0.374 sec.
@I [HLS-100] Command "source /home/zynq-fyp/Xilinx/Vivado_HLS/2015.4/common/technology/generic/autopilot/op_simcore.gen "
@I [HLS-100] Command 'ap_source' returned 0; elapsed 0.000499Total elapsed time: 0.375 sec.
@I [HLS-100] Command "source /home/zynq-fyp/Xilinx/Vivado_HLS/2015.4/common/technology/generic/autopilot/interface.gen "
@I [HLS-100] Command 'ap_source' returned 0; elapsed 7e-05Total elapsed time: 0.375 sec.
@I [HLS-100] Command "source /home/zynq-fyp/Desktop/maxi_latest/maxi_feature/solution1/.autopilot/db/global.setting.tcl "
@I [HLS-100] Command 'ap_source' returned 0; elapsed 0.000107Total elapsed time: 0.375 sec.
@I [HLS-100] Command "source /home/zynq-fyp/Xilinx/Vivado_HLS/2015.4/common/technology/xilinx/zynq/zynq.gen "
@I [HLS-100] Command "source /home/zynq-fyp/Xilinx/Vivado_HLS/2015.4/common/technology/xilinx/common/virtex.gen "
@I [HLS-100] Command "source /home/zynq-fyp/Xilinx/Vivado_HLS/2015.4/common/technology/xilinx/common/xilinx.gen "
@I [HLS-100] Command "source /home/zynq-fyp/Xilinx/Vivado_HLS/2015.4/common/technology/xilinx/interface/plb46.gen "
@I [HLS-100] Command 'ap_source' returned 0; elapsed 0.000512Total elapsed time: 0.376 sec.
@I [HLS-100] Command "source /home/zynq-fyp/Xilinx/Vivado_HLS/2015.4/common/technology/xilinx/interface/fsl.gen "
@I [HLS-100] Command 'ap_source' returned 0; elapsed 0.000227Total elapsed time: 0.376 sec.
@I [HLS-100] Command "source /home/zynq-fyp/Xilinx/Vivado_HLS/2015.4/common/technology/xilinx/interface/axi4.gen "
@I [HLS-100] Command 'ap_source' returned 0; elapsed 0.001135Total elapsed time: 0.377 sec.
@I [HLS-100] Command "source /home/zynq-fyp/Xilinx/Vivado_HLS/2015.4/common/technology/xilinx/interface/nativeAXI4.gen "
@I [HLS-100] Command "source /home/zynq-fyp/Xilinx/Vivado_HLS/2015.4/common/technology/xilinx/interface/saxilite.gen "
@I [HLS-100] Command 'ap_source' returned 0; elapsed 0.002136Total elapsed time: 0.379 sec.
@I [HLS-100] Command "source /home/zynq-fyp/Xilinx/Vivado_HLS/2015.4/common/technology/xilinx/interface/maxi.gen "
@I [HLS-100] Command 'ap_source' returned 0; elapsed 0.003814Total elapsed time: 0.383 sec.
@I [HLS-100] Command 'ap_source' returned 0; elapsed 0.006064Total elapsed time: 0.383 sec.
@I [HLS-100] Command "source /home/zynq-fyp/Xilinx/Vivado_HLS/2015.4/common/technology/xilinx/scripts/xilinxcoregen.gen "
@I [HLS-100] Command 'ap_source' returned 0; elapsed 0.0047Total elapsed time: 0.388 sec.
@I [HLS-100] Command "source /home/zynq-fyp/Xilinx/Vivado_HLS/2015.4/common/technology/xilinx/interface/XilEDKCoreGen.gen "
@I [HLS-100] Command 'ap_source' returned 0; elapsed 0.004371Total elapsed time: 0.392 sec.
@I [HLS-100] Command "source /home/zynq-fyp/Xilinx/Vivado_HLS/2015.4/common/technology/xilinx/ip/xfft.gen "
@I [HLS-100] Command 'ap_source' returned 0; elapsed 0.058292Total elapsed time: 0.451 sec.
@I [HLS-100] Command "source /home/zynq-fyp/Xilinx/Vivado_HLS/2015.4/common/technology/xilinx/ip/xfir.gen "
@I [HLS-100] Command 'ap_source' returned 0; elapsed 0.017912Total elapsed time: 0.469 sec.
@I [HLS-100] Command "source /home/zynq-fyp/Xilinx/Vivado_HLS/2015.4/common/technology/xilinx/ip/util.gen "
@I [HLS-100] Command 'ap_source' returned 0; elapsed 8.6e-05Total elapsed time: 0.469 sec.
@I [HLS-100] Command "source /home/zynq-fyp/Xilinx/Vivado_HLS/2015.4/common/technology/xilinx/ip/dds_compiler.gen "
@I [HLS-100] Command 'ap_source' returned 0; elapsed 0.001971Total elapsed time: 0.471 sec.
@I [HLS-100] Command 'ap_source' returned 0; elapsed 0.095666Total elapsed time: 0.471 sec.
@I [HLS-100] Command "source /home/zynq-fyp/Xilinx/Vivado_HLS/2015.4/common/technology/xilinx/common/dsp48.gen "
@I [HLS-100] Command 'ap_source' returned 0; elapsed 7e-05Total elapsed time: 0.472 sec.
@I [HLS-100] Command 'ap_source' returned 0; elapsed 0.096662Total elapsed time: 0.472 sec.
@I [HLS-100] Command 'ap_source' returned 0; elapsed 0.096734Total elapsed time: 0.472 sec.
@I [HLS-100] Command "source /home/zynq-fyp/Xilinx/Vivado_HLS/2015.4/common/technology/xilinx/zynq/zynq_fpv6.gen "
@I [HLS-100] Command "source /home/zynq-fyp/Xilinx/Vivado_HLS/2015.4/common/technology/xilinx/common/xilinx_fpv6.gen "
@I [HLS-100] Command 'ap_source' returned 0; elapsed 0.000837Total elapsed time: 0.473 sec.
@I [HLS-100] Command 'ap_source' returned 0; elapsed 0.000896Total elapsed time: 0.473 sec.
@I [HLS-100] Command "source /home/zynq-fyp/Desktop/maxi_latest/maxi_feature/solution1/.autopilot/db/global.setting.tcl "
@I [HLS-100] Command 'ap_source' returned 0; elapsed 8.2e-05Total elapsed time: 0.473 sec.
@I [HLS-100] Command "source /home/zynq-fyp/Desktop/maxi_latest/maxi_feature/solution1/.autopilot/db/global.setting.tcl "
@I [HLS-100] Command 'ap_source' returned 0; elapsed 7.1e-05Total elapsed time: 0.473 sec.
@I [HLS-100] Command "source /home/zynq-fyp/Desktop/maxi_latest/maxi_feature/solution1/.autopilot/db/feature.compgen.tcl "
@I [HLS-100] Command 'ap_source' returned 0; elapsed 0.000178Total elapsed time: 0.474 sec.
@I [HLS-100] Command "source /home/zynq-fyp/Desktop/maxi_latest/maxi_feature/solution1/.autopilot/db/global.setting.tcl "
@I [HLS-100] Command 'ap_source' returned 0; elapsed 7.6e-05Total elapsed time: 0.476 sec.
@I [HLS-100] Command "source /home/zynq-fyp/Desktop/maxi_latest/maxi_feature/solution1/.autopilot/db/global.setting.tcl "
@I [HLS-100] Command 'ap_source' returned 0; elapsed 6.8e-05Total elapsed time: 0.476 sec.
@I [HLS-100] Command "source /home/zynq-fyp/Desktop/maxi_latest/maxi_feature/solution1/.autopilot/db/feature.compgen.tcl "
@I [HLS-100] Command "source /home/zynq-fyp/Desktop/maxi_latest/maxi_feature/solution1/.autopilot/db/feature.rtl_wrap.cfg.tcl "
@I [HLS-100] Command 'ap_source' returned 0; elapsed 9.5e-05Total elapsed time: 0.477 sec.
@I [HLS-100] Command "source /home/zynq-fyp/Desktop/maxi_latest/maxi_feature/solution1/.autopilot/db/feature.rtl_wrap.cfg.tcl "
@I [HLS-100] Command 'ap_source' returned 0; elapsed 9.2e-05Total elapsed time: 0.477 sec.
@I [HLS-100] Command "source /home/zynq-fyp/Desktop/maxi_latest/maxi_feature/solution1/.autopilot/db/feature.rtl_wrap.cfg.tcl "
@I [HLS-100] Command 'ap_source' returned 0; elapsed 0.000105Total elapsed time: 0.477 sec.
@I [HLS-100] Command "source /home/zynq-fyp/Desktop/maxi_latest/maxi_feature/solution1/.autopilot/db/feature.tbgen.tcl "
@I [HLS-100] Command 'ap_source' returned 0; elapsed 0.000128Total elapsed time: 0.477 sec.
@I [HLS-100] Command "source /home/zynq-fyp/Desktop/maxi_latest/maxi_feature/solution1/.autopilot/db/feature.tbgen.tcl "
@I [HLS-100] Command 'ap_source' returned 0; elapsed 0.000126Total elapsed time: 0.477 sec.
@I [HLS-100] Command 'ap_source' returned 0; elapsed 0.054261Total elapsed time: 0.530 sec.
@I [HLS-100] Command "source /home/zynq-fyp/Desktop/maxi_latest/maxi_feature/solution1/.autopilot/db/global.setting.tcl "
@I [HLS-100] Command 'ap_source' returned 0; elapsed 0.000139Total elapsed time: 0.533 sec.
@I [HLS-100] Command "source /home/zynq-fyp/Desktop/maxi_latest/maxi_feature/solution1/.autopilot/db/global.setting.tcl "
@I [HLS-100] Command 'ap_source' returned 0; elapsed 8.1e-05Total elapsed time: 0.533 sec.
@I [HLS-100] Command "source /home/zynq-fyp/Desktop/maxi_latest/maxi_feature/solution1/.autopilot/db/feature.compgen.tcl "
@I [HLS-100] Command 'ap_source' returned 0; elapsed 0.000172Total elapsed time: 0.534 sec.
@I [HLS-100] Command "source /home/zynq-fyp/Desktop/maxi_latest/maxi_feature/solution1/.autopilot/db/global.setting.tcl "
@I [HLS-100] Command 'ap_source' returned 0; elapsed 8.3e-05Total elapsed time: 0.596 sec.
@I [HLS-100] Command "source /home/zynq-fyp/Desktop/maxi_latest/maxi_feature/solution1/.autopilot/db/feature.constraint.tcl "
@I [HLS-100] Command 'ap_source' returned 0; elapsed 3.4e-05Total elapsed time: 0.597 sec.
@I [HLS-100] Command "source /home/zynq-fyp/Desktop/maxi_latest/maxi_feature/solution1/.autopilot/db/feature.rtl_wrap.cfg.tcl "
@I [HLS-100] Command 'ap_source' returned 0; elapsed 0.000138Total elapsed time: 0.614 sec.
@I [HLS-100] Command "source /home/zynq-fyp/Desktop/maxi_latest/maxi_feature/solution1/.autopilot/db/feature.rtl_wrap.cfg.tcl "
@I [HLS-100] Command 'ap_source' returned 0; elapsed 0.000103Total elapsed time: 0.614 sec.
@I [HLS-100] Command "source /home/zynq-fyp/Desktop/maxi_latest/maxi_feature/solution1/.autopilot/db/feature.rtl_wrap.cfg.tcl "
@I [HLS-100] Command 'ap_source' returned 0; elapsed 9e-05Total elapsed time: 0.614 sec.
@I [HLS-100] Command "source /home/zynq-fyp/Desktop/maxi_latest/maxi_feature/solution1/.autopilot/db/feature.tbgen.tcl "
@I [HLS-100] Command 'ap_source' returned 0; elapsed 0.000131Total elapsed time: 0.614 sec.
@I [HLS-100] Command "source /home/zynq-fyp/Desktop/maxi_latest/maxi_feature/solution1/.autopilot/db/feature.tbgen.tcl "
@I [HLS-100] Command 'ap_source' returned 0; elapsed 0.000127Total elapsed time: 0.615 sec.
@I [HLS-100] Command "source /home/zynq-fyp/Desktop/maxi_latest/maxi_feature/solution1/.autopilot/db/feature.tbgen.tcl "
@I [HLS-100] Command 'ap_source' returned 0; elapsed 0.000153Total elapsed time: 0.668 sec.
@I [HLS-100] Command "source /home/zynq-fyp/Desktop/maxi_latest/maxi_feature/solution1/.autopilot/db/global.setting.tcl "
@I [HLS-100] Command 'ap_source' returned 0; elapsed 7.6e-05Total elapsed time: 0.671 sec.
@I [HLS-100] Command "source /home/zynq-fyp/Desktop/maxi_latest/maxi_feature/solution1/.autopilot/db/global.setting.tcl "
@I [HLS-100] Command 'ap_source' returned 0; elapsed 7.4e-05Total elapsed time: 0.680 sec.
@I [HLS-100] Command "source /home/zynq-fyp/Desktop/maxi_latest/maxi_feature/solution1/.autopilot/db/global.setting.tcl "
@I [HLS-100] Command 'ap_source' returned 0; elapsed 7.2e-05Total elapsed time: 0.681 sec.
@I [HLS-100] Command "source /home/zynq-fyp/Desktop/maxi_latest/maxi_feature/solution1/.autopilot/db/feature.rtl_wrap.cfg.tcl "
@I [HLS-100] Command 'ap_source' returned 0; elapsed 9.3e-05Total elapsed time: 0.682 sec.
@I [HLS-100] Command "source /home/zynq-fyp/Desktop/maxi_latest/maxi_feature/solution1/.autopilot/db/feature.rtl_wrap.cfg.tcl "
@I [HLS-100] Command 'ap_source' returned 0; elapsed 8.7e-05Total elapsed time: 0.682 sec.
@I [HLS-100] Command "source /home/zynq-fyp/Desktop/maxi_latest/maxi_feature/solution1/.autopilot/db/feature.tbgen.tcl "
@I [HLS-100] Command 'ap_source' returned 0; elapsed 0.000124Total elapsed time: 0.682 sec.
@I [HLS-100] Command "source /home/zynq-fyp/Desktop/maxi_latest/maxi_feature/solution1/.autopilot/db/feature.tbgen.tcl "
@I [HLS-100] Command 'ap_source' returned 0; elapsed 0.000151Total elapsed time: 0.683 sec.
@I [HLS-100] Command "source /home/zynq-fyp/Desktop/maxi_latest/maxi_feature/solution1/.autopilot/db/feature.rtl_wrap.cfg.tcl "
@I [HLS-100] Command 'ap_source' returned 0; elapsed 0.000108Total elapsed time: 0.732 sec.
@I [HLS-100] Command "source /home/zynq-fyp/Desktop/maxi_latest/maxi_feature/solution1/.autopilot/db/feature.rtl_wrap.cfg.tcl "
@I [HLS-100] Command 'ap_source' returned 0; elapsed 9.1e-05Total elapsed time: 0.732 sec.
@I [HLS-100] Command "source /home/zynq-fyp/Desktop/maxi_latest/maxi_feature/solution1/.autopilot/db/feature.tbgen.tcl "
@I [HLS-100] Command 'ap_source' returned 0; elapsed 0.000127Total elapsed time: 0.732 sec.
@I [HLS-100] Command "source /home/zynq-fyp/Desktop/maxi_latest/maxi_feature/solution1/.autopilot/db/feature.tbgen.tcl "
@I [HLS-100] Command 'ap_source' returned 0; elapsed 0.000145Total elapsed time: 0.732 sec.
@I [HLS-100] Command "source /home/zynq-fyp/Desktop/maxi_latest/maxi_feature/solution1/.autopilot/db/global.setting.tcl "
@I [HLS-100] Command 'ap_source' returned 0; elapsed 8.9e-05Total elapsed time: 0.779 sec.
@I [HLS-100] Command "source /home/zynq-fyp/Desktop/maxi_latest/maxi_feature/solution1/.autopilot/db/feature.rtl_wrap.cfg.tcl "
@I [HLS-100] Command 'ap_source' returned 0; elapsed 9.2e-05Total elapsed time: 0.780 sec.
@I [HLS-100] Command "source /home/zynq-fyp/Desktop/maxi_latest/maxi_feature/solution1/.autopilot/db/feature.rtl_wrap.cfg.tcl "
@I [HLS-100] Command 'ap_source' returned 0; elapsed 9e-05Total elapsed time: 0.780 sec.
@I [HLS-100] Command "source /home/zynq-fyp/Desktop/maxi_latest/maxi_feature/solution1/.autopilot/db/feature.tbgen.tcl "
@I [HLS-100] Command 'ap_source' returned 0; elapsed 0.000129Total elapsed time: 0.780 sec.
@I [HLS-100] Command "source /home/zynq-fyp/Desktop/maxi_latest/maxi_feature/solution1/.autopilot/db/feature.tbgen.tcl "
@I [HLS-100] Command 'ap_source' returned 0; elapsed 0.000121Total elapsed time: 0.780 sec.
@I [HLS-100] Command "source /home/zynq-fyp/Desktop/maxi_latest/maxi_feature/solution1/.autopilot/db/global.setting.tcl "
@I [HLS-100] Command 'ap_source' returned 0; elapsed 8.8e-05Total elapsed time: 0.830 sec.
@I [HLS-100] Command "source /home/zynq-fyp/Desktop/maxi_latest/maxi_feature/solution1/.autopilot/db/feature.constraint.tcl "
@I [HLS-100] Command 'ap_source' returned 0; elapsed 3e-05Total elapsed time: 0.830 sec.
@I [HLS-100] Command "source /home/zynq-fyp/Desktop/maxi_latest/maxi_feature/solution1/.autopilot/db/global.setting.tcl "
@I [HLS-100] Command 'ap_source' returned 0; elapsed 9.1e-05Total elapsed time: 0.840 sec.
@I [HLS-100] Command "source /home/zynq-fyp/Desktop/maxi_latest/maxi_feature/solution1/.autopilot/db/global.setting.tcl "
@I [HLS-100] Command 'ap_source' returned 0; elapsed 7.2e-05Total elapsed time: 0.848 sec.
@I [HLS-100] Command "source /home/zynq-fyp/Desktop/maxi_latest/maxi_feature/solution1/.autopilot/db/feature.constraint.tcl "
@I [HLS-100] Command 'ap_source' returned 0; elapsed 2.9e-05Total elapsed time: 0.848 sec.
@I [HLS-100] Command "source /home/zynq-fyp/Desktop/maxi_latest/maxi_feature/solution1/.autopilot/db/feature.constraint.tcl "
@I [HLS-100] Command 'ap_source' returned 0; elapsed 2.8e-05Total elapsed time: 0.848 sec.
@I [HLS-100] Command "source /home/zynq-fyp/Xilinx/Vivado_HLS/2015.4/common/technology/generic/autopilot/common.gen "
@I [HLS-100] Command "source /home/zynq-fyp/Xilinx/Vivado_HLS/2015.4/common/technology/generic/autopilot/APCoreGen.gen "
@I [HLS-100] Command 'ap_source' returned 0; elapsed 0.000275Total elapsed time: 0.852 sec.
@I [HLS-100] Command 'ap_source' returned 0; elapsed 0.000604Total elapsed time: 0.852 sec.
@I [HLS-100] Command "source /home/zynq-fyp/Xilinx/Vivado_HLS/2015.4/common/technology/generic/autopilot/op.gen "
@I [HLS-100] Command 'ap_source' returned 0; elapsed 0.000156Total elapsed time: 0.852 sec.
@I [HLS-100] Command "source /home/zynq-fyp/Xilinx/Vivado_HLS/2015.4/common/technology/generic/autopilot/op_simcore.gen "
@I [HLS-100] Command 'ap_source' returned 0; elapsed 0.000478Total elapsed time: 0.853 sec.
@I [HLS-100] Command "source /home/zynq-fyp/Xilinx/Vivado_HLS/2015.4/common/technology/generic/autopilot/interface.gen "
@I [HLS-100] Command 'ap_source' returned 0; elapsed 4.3e-05Total elapsed time: 0.853 sec.
@I [HLS-100] Command "source /home/zynq-fyp/Desktop/maxi_latest/maxi_feature/solution1/.autopilot/db/global.setting.tcl "
@I [HLS-100] Command 'ap_source' returned 0; elapsed 7.1e-05Total elapsed time: 0.853 sec.
@I [HLS-100] Command "source /home/zynq-fyp/Xilinx/Vivado_HLS/2015.4/common/technology/xilinx/zynq/zynq.gen "
@I [HLS-100] Command "source /home/zynq-fyp/Xilinx/Vivado_HLS/2015.4/common/technology/xilinx/common/virtex.gen "
@I [HLS-100] Command "source /home/zynq-fyp/Xilinx/Vivado_HLS/2015.4/common/technology/xilinx/common/xilinx.gen "
@I [HLS-100] Command "source /home/zynq-fyp/Xilinx/Vivado_HLS/2015.4/common/technology/xilinx/interface/plb46.gen "
@I [HLS-100] Command 'ap_source' returned 0; elapsed 0.000545Total elapsed time: 0.854 sec.
@I [HLS-100] Command "source /home/zynq-fyp/Xilinx/Vivado_HLS/2015.4/common/technology/xilinx/interface/fsl.gen "
@I [HLS-100] Command 'ap_source' returned 0; elapsed 0.000235Total elapsed time: 0.854 sec.
@I [HLS-100] Command "source /home/zynq-fyp/Xilinx/Vivado_HLS/2015.4/common/technology/xilinx/interface/axi4.gen "
@I [HLS-100] Command 'ap_source' returned 0; elapsed 0.001213Total elapsed time: 0.855 sec.
@I [HLS-100] Command "source /home/zynq-fyp/Xilinx/Vivado_HLS/2015.4/common/technology/xilinx/interface/nativeAXI4.gen "
@I [HLS-100] Command "source /home/zynq-fyp/Xilinx/Vivado_HLS/2015.4/common/technology/xilinx/interface/saxilite.gen "
@I [HLS-100] Command 'ap_source' returned 0; elapsed 0.001905Total elapsed time: 0.857 sec.
@I [HLS-100] Command "source /home/zynq-fyp/Xilinx/Vivado_HLS/2015.4/common/technology/xilinx/interface/maxi.gen "
@I [HLS-100] Command 'ap_source' returned 0; elapsed 0.003794Total elapsed time: 0.861 sec.
@I [HLS-100] Command 'ap_source' returned 0; elapsed 0.005786Total elapsed time: 0.861 sec.
@I [HLS-100] Command "source /home/zynq-fyp/Xilinx/Vivado_HLS/2015.4/common/technology/xilinx/scripts/xilinxcoregen.gen "
@I [HLS-100] Command 'ap_source' returned 0; elapsed 0.004788Total elapsed time: 0.866 sec.
@I [HLS-100] Command "source /home/zynq-fyp/Xilinx/Vivado_HLS/2015.4/common/technology/xilinx/interface/XilEDKCoreGen.gen "
@I [HLS-100] Command 'ap_source' returned 0; elapsed 0.005128Total elapsed time: 0.871 sec.
@I [HLS-100] Command "source /home/zynq-fyp/Xilinx/Vivado_HLS/2015.4/common/technology/xilinx/ip/xfft.gen "
@I [HLS-100] Command 'ap_source' returned 0; elapsed 0.060796Total elapsed time: 0.933 sec.
@I [HLS-100] Command "source /home/zynq-fyp/Xilinx/Vivado_HLS/2015.4/common/technology/xilinx/ip/xfir.gen "
@I [HLS-100] Command 'ap_source' returned 0; elapsed 0.018341Total elapsed time: 0.951 sec.
@I [HLS-100] Command "source /home/zynq-fyp/Xilinx/Vivado_HLS/2015.4/common/technology/xilinx/ip/util.gen "
@I [HLS-100] Command 'ap_source' returned 0; elapsed 9.1e-05Total elapsed time: 0.951 sec.
@I [HLS-100] Command "source /home/zynq-fyp/Xilinx/Vivado_HLS/2015.4/common/technology/xilinx/ip/dds_compiler.gen "
@I [HLS-100] Command 'ap_source' returned 0; elapsed 0.002132Total elapsed time: 0.953 sec.
@I [HLS-100] Command 'ap_source' returned 0; elapsed 0.099477Total elapsed time: 0.954 sec.
@I [HLS-100] Command "source /home/zynq-fyp/Xilinx/Vivado_HLS/2015.4/common/technology/xilinx/common/dsp48.gen "
@I [HLS-100] Command 'ap_source' returned 0; elapsed 7.3e-05Total elapsed time: 0.954 sec.
@I [HLS-100] Command 'ap_source' returned 0; elapsed 0.10048Total elapsed time: 0.954 sec.
@I [HLS-100] Command 'ap_source' returned 0; elapsed 0.100534Total elapsed time: 0.954 sec.
@I [HLS-100] Command "source /home/zynq-fyp/Xilinx/Vivado_HLS/2015.4/common/technology/xilinx/zynq/zynq_fpv6.gen "
@I [HLS-100] Command "source /home/zynq-fyp/Xilinx/Vivado_HLS/2015.4/common/technology/xilinx/common/xilinx_fpv6.gen "
@I [HLS-100] Command 'ap_source' returned 0; elapsed 0.000843Total elapsed time: 0.955 sec.
@I [HLS-100] Command 'ap_source' returned 0; elapsed 0.000918Total elapsed time: 0.955 sec.
@I [HLS-100] Command "source /home/zynq-fyp/Desktop/maxi_latest/maxi_feature/solution1/.autopilot/db/global.setting.tcl "
@I [HLS-100] Command 'ap_source' returned 0; elapsed 0.00013Total elapsed time: 31.977 sec.
@I [HLS-100] Command "source /home/zynq-fyp/Xilinx/Vivado_HLS/2015.4/common/technology/generic/autopilot/common.gen "
@I [HLS-100] Command "source /home/zynq-fyp/Xilinx/Vivado_HLS/2015.4/common/technology/generic/autopilot/APCoreGen.gen "
@I [HLS-100] Command 'ap_source' returned 0; elapsed 0.000321Total elapsed time: 31.980 sec.
@I [HLS-100] Command 'ap_source' returned 0; elapsed 0.000689Total elapsed time: 31.980 sec.
@I [HLS-100] Command "source /home/zynq-fyp/Xilinx/Vivado_HLS/2015.4/common/technology/generic/autopilot/op.gen "
@I [HLS-100] Command 'ap_source' returned 0; elapsed 0.000174Total elapsed time: 31.980 sec.
@I [HLS-100] Command "source /home/zynq-fyp/Xilinx/Vivado_HLS/2015.4/common/technology/generic/autopilot/op_simcore.gen "
@I [HLS-100] Command 'ap_source' returned 0; elapsed 0.000556Total elapsed time: 31.981 sec.
@I [HLS-100] Command "source /home/zynq-fyp/Xilinx/Vivado_HLS/2015.4/common/technology/generic/autopilot/interface.gen "
@I [HLS-100] Command 'ap_source' returned 0; elapsed 4.1e-05Total elapsed time: 31.981 sec.
@I [HLS-100] Command "source /home/zynq-fyp/Desktop/maxi_latest/maxi_feature/solution1/.autopilot/db/global.setting.tcl "
@I [HLS-100] Command 'ap_source' returned 0; elapsed 7.3e-05Total elapsed time: 31.981 sec.
@I [HLS-100] Command "source /home/zynq-fyp/Xilinx/Vivado_HLS/2015.4/common/technology/xilinx/zynq/zynq.gen "
@I [HLS-100] Command "source /home/zynq-fyp/Xilinx/Vivado_HLS/2015.4/common/technology/xilinx/common/virtex.gen "
@I [HLS-100] Command "source /home/zynq-fyp/Xilinx/Vivado_HLS/2015.4/common/technology/xilinx/common/xilinx.gen "
@I [HLS-100] Command "source /home/zynq-fyp/Xilinx/Vivado_HLS/2015.4/common/technology/xilinx/interface/plb46.gen "
@I [HLS-100] Command 'ap_source' returned 0; elapsed 0.000634Total elapsed time: 31.982 sec.
@I [HLS-100] Command "source /home/zynq-fyp/Xilinx/Vivado_HLS/2015.4/common/technology/xilinx/interface/fsl.gen "
@I [HLS-100] Command 'ap_source' returned 0; elapsed 0.000256Total elapsed time: 31.982 sec.
@I [HLS-100] Command "source /home/zynq-fyp/Xilinx/Vivado_HLS/2015.4/common/technology/xilinx/interface/axi4.gen "
@I [HLS-100] Command 'ap_source' returned 0; elapsed 0.001337Total elapsed time: 31.984 sec.
@I [HLS-100] Command "source /home/zynq-fyp/Xilinx/Vivado_HLS/2015.4/common/technology/xilinx/interface/nativeAXI4.gen "
@I [HLS-100] Command "source /home/zynq-fyp/Xilinx/Vivado_HLS/2015.4/common/technology/xilinx/interface/saxilite.gen "
@I [HLS-100] Command 'ap_source' returned 0; elapsed 0.001975Total elapsed time: 31.986 sec.
@I [HLS-100] Command "source /home/zynq-fyp/Xilinx/Vivado_HLS/2015.4/common/technology/xilinx/interface/maxi.gen "
@I [HLS-100] Command 'ap_source' returned 0; elapsed 0.003833Total elapsed time: 31.989 sec.
@I [HLS-100] Command 'ap_source' returned 0; elapsed 0.005884Total elapsed time: 31.989 sec.
@I [HLS-100] Command "source /home/zynq-fyp/Xilinx/Vivado_HLS/2015.4/common/technology/xilinx/scripts/xilinxcoregen.gen "
@I [HLS-100] Command 'ap_source' returned 0; elapsed 0.005476Total elapsed time: 31.995 sec.
@I [HLS-100] Command "source /home/zynq-fyp/Xilinx/Vivado_HLS/2015.4/common/technology/xilinx/interface/XilEDKCoreGen.gen "
@I [HLS-100] Command 'ap_source' returned 0; elapsed 0.004577Total elapsed time: 32.0 sec.
@I [HLS-100] Command "source /home/zynq-fyp/Xilinx/Vivado_HLS/2015.4/common/technology/xilinx/ip/xfft.gen "
@I [HLS-100] Command 'ap_source' returned 0; elapsed 0.059478Total elapsed time: 32.59 sec.
@I [HLS-100] Command "source /home/zynq-fyp/Xilinx/Vivado_HLS/2015.4/common/technology/xilinx/ip/xfir.gen "
@I [HLS-100] Command 'ap_source' returned 0; elapsed 0.019295Total elapsed time: 32.79 sec.
@I [HLS-100] Command "source /home/zynq-fyp/Xilinx/Vivado_HLS/2015.4/common/technology/xilinx/ip/util.gen "
@I [HLS-100] Command 'ap_source' returned 0; elapsed 0.000108Total elapsed time: 32.79 sec.
@I [HLS-100] Command "source /home/zynq-fyp/Xilinx/Vivado_HLS/2015.4/common/technology/xilinx/ip/dds_compiler.gen "
@I [HLS-100] Command 'ap_source' returned 0; elapsed 0.002475Total elapsed time: 32.81 sec.
@I [HLS-100] Command 'ap_source' returned 0; elapsed 0.09995Total elapsed time: 32.81 sec.
@I [HLS-100] Command "source /home/zynq-fyp/Xilinx/Vivado_HLS/2015.4/common/technology/xilinx/common/dsp48.gen "
@I [HLS-100] Command 'ap_source' returned 0; elapsed 7.5e-05Total elapsed time: 32.82 sec.
@I [HLS-100] Command 'ap_source' returned 0; elapsed 0.101066Total elapsed time: 32.82 sec.
@I [HLS-100] Command 'ap_source' returned 0; elapsed 0.101122Total elapsed time: 32.82 sec.
@I [HLS-100] Command "source /home/zynq-fyp/Xilinx/Vivado_HLS/2015.4/common/technology/xilinx/zynq/zynq_fpv6.gen "
@I [HLS-100] Command "source /home/zynq-fyp/Xilinx/Vivado_HLS/2015.4/common/technology/xilinx/common/xilinx_fpv6.gen "
@I [HLS-100] Command 'ap_source' returned 0; elapsed 0.00088Total elapsed time: 32.83 sec.
@I [HLS-100] Command 'ap_source' returned 0; elapsed 0.000938Total elapsed time: 32.83 sec.
@I [HLS-100] Command "source /home/zynq-fyp/Desktop/maxi_latest/maxi_feature/solution1/.autopilot/db/global.setting.tcl "
@I [HLS-100] Command 'ap_source' returned 0; elapsed 8.7e-05Total elapsed time: 32.83 sec.
@I [HLS-100] Command "source /home/zynq-fyp/Desktop/maxi_latest/maxi_feature/solution1/.autopilot/db/global.setting.tcl "
@I [HLS-100] Command 'ap_source' returned 0; elapsed 7.8e-05Total elapsed time: 32.84 sec.
@I [HLS-100] Command "source /home/zynq-fyp/Desktop/maxi_latest/maxi_feature/solution1/.autopilot/db/global.setting.tcl "
@I [HLS-100] Command 'ap_source' returned 0; elapsed 8.3e-05Total elapsed time: 32.85 sec.
@I [HLS-100] Command "source /home/zynq-fyp/Xilinx/Vivado_HLS/2015.4/common/technology/generic/autopilot/common.gen "
@I [HLS-100] Command "source /home/zynq-fyp/Xilinx/Vivado_HLS/2015.4/common/technology/generic/autopilot/APCoreGen.gen "
@I [HLS-100] Command 'ap_source' returned 0; elapsed 0.00027Total elapsed time: 32.86 sec.
@I [HLS-100] Command 'ap_source' returned 0; elapsed 0.000585Total elapsed time: 32.86 sec.
@I [HLS-100] Command "source /home/zynq-fyp/Xilinx/Vivado_HLS/2015.4/common/technology/generic/autopilot/op.gen "
@I [HLS-100] Command 'ap_source' returned 0; elapsed 0.000157Total elapsed time: 32.86 sec.
@I [HLS-100] Command "source /home/zynq-fyp/Xilinx/Vivado_HLS/2015.4/common/technology/generic/autopilot/op_simcore.gen "
@I [HLS-100] Command 'ap_source' returned 0; elapsed 0.000499Total elapsed time: 32.87 sec.
@I [HLS-100] Command "source /home/zynq-fyp/Xilinx/Vivado_HLS/2015.4/common/technology/generic/autopilot/interface.gen "
@I [HLS-100] Command 'ap_source' returned 0; elapsed 3.9e-05Total elapsed time: 32.87 sec.
@I [HLS-100] Command "source /home/zynq-fyp/Desktop/maxi_latest/maxi_feature/solution1/.autopilot/db/global.setting.tcl "
@I [HLS-100] Command 'ap_source' returned 0; elapsed 7.1e-05Total elapsed time: 32.87 sec.
@I [HLS-100] Command "source /home/zynq-fyp/Xilinx/Vivado_HLS/2015.4/common/technology/xilinx/zynq/zynq.gen "
@I [HLS-100] Command "source /home/zynq-fyp/Xilinx/Vivado_HLS/2015.4/common/technology/xilinx/common/virtex.gen "
@I [HLS-100] Command "source /home/zynq-fyp/Xilinx/Vivado_HLS/2015.4/common/technology/xilinx/common/xilinx.gen "
@I [HLS-100] Command "source /home/zynq-fyp/Xilinx/Vivado_HLS/2015.4/common/technology/xilinx/interface/plb46.gen "
@I [HLS-100] Command 'ap_source' returned 0; elapsed 0.000669Total elapsed time: 32.88 sec.
@I [HLS-100] Command "source /home/zynq-fyp/Xilinx/Vivado_HLS/2015.4/common/technology/xilinx/interface/fsl.gen "
@I [HLS-100] Command 'ap_source' returned 0; elapsed 0.000418Total elapsed time: 32.88 sec.
@I [HLS-100] Command "source /home/zynq-fyp/Xilinx/Vivado_HLS/2015.4/common/technology/xilinx/interface/axi4.gen "
@I [HLS-100] Command 'ap_source' returned 0; elapsed 0.001718Total elapsed time: 32.90 sec.
@I [HLS-100] Command "source /home/zynq-fyp/Xilinx/Vivado_HLS/2015.4/common/technology/xilinx/interface/nativeAXI4.gen "
@I [HLS-100] Command "source /home/zynq-fyp/Xilinx/Vivado_HLS/2015.4/common/technology/xilinx/interface/saxilite.gen "
@I [HLS-100] Command 'ap_source' returned 0; elapsed 0.001896Total elapsed time: 32.92 sec.
@I [HLS-100] Command "source /home/zynq-fyp/Xilinx/Vivado_HLS/2015.4/common/technology/xilinx/interface/maxi.gen "
@I [HLS-100] Command 'ap_source' returned 0; elapsed 0.003572Total elapsed time: 32.96 sec.
@I [HLS-100] Command 'ap_source' returned 0; elapsed 0.005546Total elapsed time: 32.96 sec.
@I [HLS-100] Command "source /home/zynq-fyp/Xilinx/Vivado_HLS/2015.4/common/technology/xilinx/scripts/xilinxcoregen.gen "
@I [HLS-100] Command 'ap_source' returned 0; elapsed 0.004908Total elapsed time: 32.100 sec.
@I [HLS-100] Command "source /home/zynq-fyp/Xilinx/Vivado_HLS/2015.4/common/technology/xilinx/interface/XilEDKCoreGen.gen "
@I [HLS-100] Command 'ap_source' returned 0; elapsed 0.004495Total elapsed time: 32.105 sec.
@I [HLS-100] Command "source /home/zynq-fyp/Xilinx/Vivado_HLS/2015.4/common/technology/xilinx/ip/xfft.gen "
@I [HLS-100] Command 'ap_source' returned 0; elapsed 0.059075Total elapsed time: 32.164 sec.
@I [HLS-100] Command "source /home/zynq-fyp/Xilinx/Vivado_HLS/2015.4/common/technology/xilinx/ip/xfir.gen "
@I [HLS-100] Command 'ap_source' returned 0; elapsed 0.017839Total elapsed time: 32.182 sec.
@I [HLS-100] Command "source /home/zynq-fyp/Xilinx/Vivado_HLS/2015.4/common/technology/xilinx/ip/util.gen "
@I [HLS-100] Command 'ap_source' returned 0; elapsed 8.2e-05Total elapsed time: 32.182 sec.
@I [HLS-100] Command "source /home/zynq-fyp/Xilinx/Vivado_HLS/2015.4/common/technology/xilinx/ip/dds_compiler.gen "
@I [HLS-100] Command 'ap_source' returned 0; elapsed 0.001992Total elapsed time: 32.184 sec.
@I [HLS-100] Command 'ap_source' returned 0; elapsed 0.0972Total elapsed time: 32.184 sec.
@I [HLS-100] Command "source /home/zynq-fyp/Xilinx/Vivado_HLS/2015.4/common/technology/xilinx/common/dsp48.gen "
@I [HLS-100] Command 'ap_source' returned 0; elapsed 6.8e-05Total elapsed time: 32.185 sec.
@I [HLS-100] Command 'ap_source' returned 0; elapsed 0.098174Total elapsed time: 32.185 sec.
@I [HLS-100] Command 'ap_source' returned 0; elapsed 0.098227Total elapsed time: 32.185 sec.
@I [HLS-100] Command "source /home/zynq-fyp/Xilinx/Vivado_HLS/2015.4/common/technology/xilinx/zynq/zynq_fpv6.gen "
@I [HLS-100] Command "source /home/zynq-fyp/Xilinx/Vivado_HLS/2015.4/common/technology/xilinx/common/xilinx_fpv6.gen "
@I [HLS-100] Command 'ap_source' returned 0; elapsed 0.000811Total elapsed time: 32.186 sec.
@I [HLS-100] Command 'ap_source' returned 0; elapsed 0.000867Total elapsed time: 32.186 sec.
@I [HLS-100] Command "source /home/zynq-fyp/Desktop/maxi_latest/maxi_feature/solution1/.autopilot/db/global.setting.tcl "
@I [HLS-100] Command 'ap_source' returned 0; elapsed 7.7e-05Total elapsed time: 32.186 sec.
@I [HLS-100] Command "source /home/zynq-fyp/Desktop/maxi_latest/maxi_feature/solution1/.autopilot/db/global.setting.tcl "
@I [HLS-100] Command 'ap_source' returned 0; elapsed 6.8e-05Total elapsed time: 32.186 sec.
@I [HLS-100] Command "source /home/zynq-fyp/Desktop/maxi_latest/maxi_feature/solution1/.autopilot/db/feature.compgen.tcl "
@I [HLS-100] Command 'ap_source' returned 0; elapsed 0.000208Total elapsed time: 32.187 sec.
@I [HLS-100] Command "source /home/zynq-fyp/Desktop/maxi_latest/maxi_feature/solution1/.autopilot/db/global.setting.tcl "
@I [HLS-100] Command 'ap_source' returned 0; elapsed 0.000107Total elapsed time: 32.202 sec.
@I [HLS-100] Command "source /home/zynq-fyp/Desktop/maxi_latest/maxi_feature/solution1/.autopilot/db/feature.constraint.tcl "
@I [HLS-100] Command 'ap_source' returned 0; elapsed 3.2e-05Total elapsed time: 32.203 sec.
@I [HLS-100] Command "source /home/zynq-fyp/Xilinx/Vivado_HLS/2015.4/common/technology/generic/autopilot/common.gen "
@I [HLS-100] Command "source /home/zynq-fyp/Xilinx/Vivado_HLS/2015.4/common/technology/generic/autopilot/APCoreGen.gen "
@I [HLS-100] Command 'ap_source' returned 0; elapsed 0.000294Total elapsed time: 32.205 sec.
@I [HLS-100] Command 'ap_source' returned 0; elapsed 0.000653Total elapsed time: 32.205 sec.
@I [HLS-100] Command "source /home/zynq-fyp/Xilinx/Vivado_HLS/2015.4/common/technology/generic/autopilot/op.gen "
@I [HLS-100] Command 'ap_source' returned 0; elapsed 0.000173Total elapsed time: 32.206 sec.
@I [HLS-100] Command "source /home/zynq-fyp/Xilinx/Vivado_HLS/2015.4/common/technology/generic/autopilot/op_simcore.gen "
@I [HLS-100] Command 'ap_source' returned 0; elapsed 0.000522Total elapsed time: 32.206 sec.
@I [HLS-100] Command "source /home/zynq-fyp/Xilinx/Vivado_HLS/2015.4/common/technology/generic/autopilot/interface.gen "
@I [HLS-100] Command 'ap_source' returned 0; elapsed 4.1e-05Total elapsed time: 32.206 sec.
@I [HLS-100] Command "source /home/zynq-fyp/Desktop/maxi_latest/maxi_feature/solution1/.autopilot/db/global.setting.tcl "
@I [HLS-100] Command 'ap_source' returned 0; elapsed 8.3e-05Total elapsed time: 32.206 sec.
@I [HLS-100] Command "source /home/zynq-fyp/Xilinx/Vivado_HLS/2015.4/common/technology/xilinx/zynq/zynq.gen "
@I [HLS-100] Command "source /home/zynq-fyp/Xilinx/Vivado_HLS/2015.4/common/technology/xilinx/common/virtex.gen "
@I [HLS-100] Command "source /home/zynq-fyp/Xilinx/Vivado_HLS/2015.4/common/technology/xilinx/common/xilinx.gen "
@I [HLS-100] Command "source /home/zynq-fyp/Xilinx/Vivado_HLS/2015.4/common/technology/xilinx/interface/plb46.gen "
@I [HLS-100] Command 'ap_source' returned 0; elapsed 0.000627Total elapsed time: 32.207 sec.
@I [HLS-100] Command "source /home/zynq-fyp/Xilinx/Vivado_HLS/2015.4/common/technology/xilinx/interface/fsl.gen "
@I [HLS-100] Command 'ap_source' returned 0; elapsed 0.000239Total elapsed time: 32.208 sec.
@I [HLS-100] Command "source /home/zynq-fyp/Xilinx/Vivado_HLS/2015.4/common/technology/xilinx/interface/axi4.gen "
@I [HLS-100] Command 'ap_source' returned 0; elapsed 0.001139Total elapsed time: 32.209 sec.
@I [HLS-100] Command "source /home/zynq-fyp/Xilinx/Vivado_HLS/2015.4/common/technology/xilinx/interface/nativeAXI4.gen "
@I [HLS-100] Command "source /home/zynq-fyp/Xilinx/Vivado_HLS/2015.4/common/technology/xilinx/interface/saxilite.gen "
@I [HLS-100] Command 'ap_source' returned 0; elapsed 0.001972Total elapsed time: 32.211 sec.
@I [HLS-100] Command "source /home/zynq-fyp/Xilinx/Vivado_HLS/2015.4/common/technology/xilinx/interface/maxi.gen "
@I [HLS-100] Command 'ap_source' returned 0; elapsed 0.00361Total elapsed time: 32.214 sec.
@I [HLS-100] Command 'ap_source' returned 0; elapsed 0.00566Total elapsed time: 32.214 sec.
@I [HLS-100] Command "source /home/zynq-fyp/Xilinx/Vivado_HLS/2015.4/common/technology/xilinx/scripts/xilinxcoregen.gen "
@I [HLS-100] Command 'ap_source' returned 0; elapsed 0.004857Total elapsed time: 32.219 sec.
@I [HLS-100] Command "source /home/zynq-fyp/Xilinx/Vivado_HLS/2015.4/common/technology/xilinx/interface/XilEDKCoreGen.gen "
@I [HLS-100] Command 'ap_source' returned 0; elapsed 0.004905Total elapsed time: 32.224 sec.
@I [HLS-100] Command "source /home/zynq-fyp/Xilinx/Vivado_HLS/2015.4/common/technology/xilinx/ip/xfft.gen "
@I [HLS-100] Command 'ap_source' returned 0; elapsed 0.058582Total elapsed time: 32.283 sec.
@I [HLS-100] Command "source /home/zynq-fyp/Xilinx/Vivado_HLS/2015.4/common/technology/xilinx/ip/xfir.gen "
@I [HLS-100] Command 'ap_source' returned 0; elapsed 0.017752Total elapsed time: 32.301 sec.
@I [HLS-100] Command "source /home/zynq-fyp/Xilinx/Vivado_HLS/2015.4/common/technology/xilinx/ip/util.gen "
@I [HLS-100] Command 'ap_source' returned 0; elapsed 8.9e-05Total elapsed time: 32.301 sec.
@I [HLS-100] Command "source /home/zynq-fyp/Xilinx/Vivado_HLS/2015.4/common/technology/xilinx/ip/dds_compiler.gen "
@I [HLS-100] Command 'ap_source' returned 0; elapsed 0.002013Total elapsed time: 32.303 sec.
@I [HLS-100] Command 'ap_source' returned 0; elapsed 0.096255Total elapsed time: 32.303 sec.
@I [HLS-100] Command "source /home/zynq-fyp/Xilinx/Vivado_HLS/2015.4/common/technology/xilinx/common/dsp48.gen "
@I [HLS-100] Command 'ap_source' returned 0; elapsed 6.9e-05Total elapsed time: 32.304 sec.
@I [HLS-100] Command 'ap_source' returned 0; elapsed 0.097296Total elapsed time: 32.304 sec.
@I [HLS-100] Command 'ap_source' returned 0; elapsed 0.097352Total elapsed time: 32.304 sec.
@I [HLS-100] Command "source /home/zynq-fyp/Xilinx/Vivado_HLS/2015.4/common/technology/xilinx/zynq/zynq_fpv6.gen "
@I [HLS-100] Command "source /home/zynq-fyp/Xilinx/Vivado_HLS/2015.4/common/technology/xilinx/common/xilinx_fpv6.gen "
@I [HLS-100] Command 'ap_source' returned 0; elapsed 0.000816Total elapsed time: 32.305 sec.
@I [HLS-100] Command 'ap_source' returned 0; elapsed 0.000871Total elapsed time: 32.305 sec.
@I [HLS-100] Command "source /home/zynq-fyp/Desktop/maxi_latest/maxi_feature/solution1/.autopilot/db/global.setting.tcl "
@I [HLS-100] Command 'ap_source' returned 0; elapsed 0.000114Total elapsed time: 32.309 sec.
@I [HLS-100] Command "source /home/zynq-fyp/Desktop/maxi_latest/maxi_feature/solution1/.autopilot/db/global.setting.tcl "
@I [HLS-100] Command 'ap_source' returned 0; elapsed 0.000199Total elapsed time: 37.603 sec.
@I [HLS-100] Command "source /home/zynq-fyp/Xilinx/Vivado_HLS/2015.4/common/technology/generic/autopilot/common.gen "
@I [HLS-100] Command "source /home/zynq-fyp/Xilinx/Vivado_HLS/2015.4/common/technology/generic/autopilot/APCoreGen.gen "
@I [HLS-100] Command 'ap_source' returned 0; elapsed 0.000529Total elapsed time: 37.607 sec.
@I [HLS-100] Command 'ap_source' returned 0; elapsed 0.001159Total elapsed time: 37.607 sec.
@I [HLS-100] Command "source /home/zynq-fyp/Xilinx/Vivado_HLS/2015.4/common/technology/generic/autopilot/op.gen "
@I [HLS-100] Command 'ap_source' returned 0; elapsed 0.000298Total elapsed time: 37.608 sec.
@I [HLS-100] Command "source /home/zynq-fyp/Xilinx/Vivado_HLS/2015.4/common/technology/generic/autopilot/op_simcore.gen "
@I [HLS-100] Command 'ap_source' returned 0; elapsed 0.000972Total elapsed time: 37.609 sec.
@I [HLS-100] Command "source /home/zynq-fyp/Xilinx/Vivado_HLS/2015.4/common/technology/generic/autopilot/interface.gen "
@I [HLS-100] Command 'ap_source' returned 0; elapsed 8.3e-05Total elapsed time: 37.609 sec.
@I [HLS-100] Command "source /home/zynq-fyp/Desktop/maxi_latest/maxi_feature/solution1/.autopilot/db/global.setting.tcl "
@I [HLS-100] Command 'ap_source' returned 0; elapsed 0.0002Total elapsed time: 37.609 sec.
@I [HLS-100] Command "source /home/zynq-fyp/Xilinx/Vivado_HLS/2015.4/common/technology/xilinx/zynq/zynq.gen "
@I [HLS-100] Command "source /home/zynq-fyp/Xilinx/Vivado_HLS/2015.4/common/technology/xilinx/common/virtex.gen "
@I [HLS-100] Command "source /home/zynq-fyp/Xilinx/Vivado_HLS/2015.4/common/technology/xilinx/common/xilinx.gen "
@I [HLS-100] Command "source /home/zynq-fyp/Xilinx/Vivado_HLS/2015.4/common/technology/xilinx/interface/plb46.gen "
@I [HLS-100] Command 'ap_source' returned 0; elapsed 0.001102Total elapsed time: 37.611 sec.
@I [HLS-100] Command "source /home/zynq-fyp/Xilinx/Vivado_HLS/2015.4/common/technology/xilinx/interface/fsl.gen "
@I [HLS-100] Command 'ap_source' returned 0; elapsed 0.000461Total elapsed time: 37.611 sec.
@I [HLS-100] Command "source /home/zynq-fyp/Xilinx/Vivado_HLS/2015.4/common/technology/xilinx/interface/axi4.gen "
@I [HLS-100] Command 'ap_source' returned 0; elapsed 0.002162Total elapsed time: 37.613 sec.
@I [HLS-100] Command "source /home/zynq-fyp/Xilinx/Vivado_HLS/2015.4/common/technology/xilinx/interface/nativeAXI4.gen "
@I [HLS-100] Command "source /home/zynq-fyp/Xilinx/Vivado_HLS/2015.4/common/technology/xilinx/interface/saxilite.gen "
@I [HLS-100] Command 'ap_source' returned 0; elapsed 0.002955Total elapsed time: 37.617 sec.
@I [HLS-100] Command "source /home/zynq-fyp/Xilinx/Vivado_HLS/2015.4/common/technology/xilinx/interface/maxi.gen "
@I [HLS-100] Command 'ap_source' returned 0; elapsed 0.003861Total elapsed time: 37.620 sec.
@I [HLS-100] Command 'ap_source' returned 0; elapsed 0.006974Total elapsed time: 37.621 sec.
@I [HLS-100] Command "source /home/zynq-fyp/Xilinx/Vivado_HLS/2015.4/common/technology/xilinx/scripts/xilinxcoregen.gen "
@I [HLS-100] Command 'ap_source' returned 0; elapsed 0.005128Total elapsed time: 37.626 sec.
@I [HLS-100] Command "source /home/zynq-fyp/Xilinx/Vivado_HLS/2015.4/common/technology/xilinx/interface/XilEDKCoreGen.gen "
@I [HLS-100] Command 'ap_source' returned 0; elapsed 0.004575Total elapsed time: 37.630 sec.
@I [HLS-100] Command "source /home/zynq-fyp/Xilinx/Vivado_HLS/2015.4/common/technology/xilinx/ip/xfft.gen "
@I [HLS-100] Command 'ap_source' returned 0; elapsed 0.063804Total elapsed time: 37.694 sec.
@I [HLS-100] Command "source /home/zynq-fyp/Xilinx/Vivado_HLS/2015.4/common/technology/xilinx/ip/xfir.gen "
@I [HLS-100] Command 'ap_source' returned 0; elapsed 0.027792Total elapsed time: 37.722 sec.
@I [HLS-100] Command "source /home/zynq-fyp/Xilinx/Vivado_HLS/2015.4/common/technology/xilinx/ip/util.gen "
@I [HLS-100] Command 'ap_source' returned 0; elapsed 0.000157Total elapsed time: 37.722 sec.
@I [HLS-100] Command "source /home/zynq-fyp/Xilinx/Vivado_HLS/2015.4/common/technology/xilinx/ip/dds_compiler.gen "
@I [HLS-100] Command 'ap_source' returned 0; elapsed 0.003497Total elapsed time: 37.726 sec.
@I [HLS-100] Command 'ap_source' returned 0; elapsed 0.116295Total elapsed time: 37.726 sec.
@I [HLS-100] Command "source /home/zynq-fyp/Xilinx/Vivado_HLS/2015.4/common/technology/xilinx/common/dsp48.gen "
@I [HLS-100] Command 'ap_source' returned 0; elapsed 0.00014Total elapsed time: 37.727 sec.
@I [HLS-100] Command 'ap_source' returned 0; elapsed 0.118005Total elapsed time: 37.727 sec.
@I [HLS-100] Command 'ap_source' returned 0; elapsed 0.118113Total elapsed time: 37.727 sec.
@I [HLS-100] Command "source /home/zynq-fyp/Xilinx/Vivado_HLS/2015.4/common/technology/xilinx/zynq/zynq_fpv6.gen "
@I [HLS-100] Command "source /home/zynq-fyp/Xilinx/Vivado_HLS/2015.4/common/technology/xilinx/common/xilinx_fpv6.gen "
@I [HLS-100] Command 'ap_source' returned 0; elapsed 0.001405Total elapsed time: 37.729 sec.
@I [HLS-100] Command 'ap_source' returned 0; elapsed 0.001519Total elapsed time: 37.729 sec.
@I [HLS-100] Command "source /home/zynq-fyp/Desktop/maxi_latest/maxi_feature/solution1/.autopilot/db/global.setting.tcl "
@I [HLS-100] Command 'ap_source' returned 0; elapsed 0.000171Total elapsed time: 37.729 sec.
@I [HLS-100] Command "source /home/zynq-fyp/Desktop/maxi_latest/maxi_feature/solution1/.autopilot/db/global.setting.tcl "
@I [HLS-100] Command 'ap_source' returned 0; elapsed 0.000141Total elapsed time: 37.730 sec.
@I [HLS-100] Command "source /home/zynq-fyp/Desktop/maxi_latest/maxi_feature/solution1/.autopilot/db/global.setting.tcl "
@I [HLS-100] Command 'ap_source' returned 0; elapsed 0.000153Total elapsed time: 37.732 sec.
@I [HLS-100] Command "source /home/zynq-fyp/Xilinx/Vivado_HLS/2015.4/common/technology/generic/autopilot/common.gen "
@I [HLS-100] Command "source /home/zynq-fyp/Xilinx/Vivado_HLS/2015.4/common/technology/generic/autopilot/APCoreGen.gen "
@I [HLS-100] Command 'ap_source' returned 0; elapsed 0.000434Total elapsed time: 37.733 sec.
@I [HLS-100] Command 'ap_source' returned 0; elapsed 0.000959Total elapsed time: 37.734 sec.
@I [HLS-100] Command "source /home/zynq-fyp/Xilinx/Vivado_HLS/2015.4/common/technology/generic/autopilot/op.gen "
@I [HLS-100] Command 'ap_source' returned 0; elapsed 0.000273Total elapsed time: 37.734 sec.
@I [HLS-100] Command "source /home/zynq-fyp/Xilinx/Vivado_HLS/2015.4/common/technology/generic/autopilot/op_simcore.gen "
@I [HLS-100] Command 'ap_source' returned 0; elapsed 0.000859Total elapsed time: 37.735 sec.
@I [HLS-100] Command "source /home/zynq-fyp/Xilinx/Vivado_HLS/2015.4/common/technology/generic/autopilot/interface.gen "
@I [HLS-100] Command 'ap_source' returned 0; elapsed 6.8e-05Total elapsed time: 37.735 sec.
@I [HLS-100] Command "source /home/zynq-fyp/Desktop/maxi_latest/maxi_feature/solution1/.autopilot/db/global.setting.tcl "
@I [HLS-100] Command 'ap_source' returned 0; elapsed 0.000161Total elapsed time: 37.735 sec.
@I [HLS-100] Command "source /home/zynq-fyp/Xilinx/Vivado_HLS/2015.4/common/technology/xilinx/zynq/zynq.gen "
@I [HLS-100] Command "source /home/zynq-fyp/Xilinx/Vivado_HLS/2015.4/common/technology/xilinx/common/virtex.gen "
@I [HLS-100] Command "source /home/zynq-fyp/Xilinx/Vivado_HLS/2015.4/common/technology/xilinx/common/xilinx.gen "
@I [HLS-100] Command "source /home/zynq-fyp/Xilinx/Vivado_HLS/2015.4/common/technology/xilinx/interface/plb46.gen "
@I [HLS-100] Command 'ap_source' returned 0; elapsed 0.00095Total elapsed time: 37.736 sec.
@I [HLS-100] Command "source /home/zynq-fyp/Xilinx/Vivado_HLS/2015.4/common/technology/xilinx/interface/fsl.gen "
@I [HLS-100] Command 'ap_source' returned 0; elapsed 0.000506Total elapsed time: 37.737 sec.
@I [HLS-100] Command "source /home/zynq-fyp/Xilinx/Vivado_HLS/2015.4/common/technology/xilinx/interface/axi4.gen "
@I [HLS-100] Command 'ap_source' returned 0; elapsed 0.001928Total elapsed time: 37.739 sec.
@I [HLS-100] Command "source /home/zynq-fyp/Xilinx/Vivado_HLS/2015.4/common/technology/xilinx/interface/nativeAXI4.gen "
@I [HLS-100] Command "source /home/zynq-fyp/Xilinx/Vivado_HLS/2015.4/common/technology/xilinx/interface/saxilite.gen "
@I [HLS-100] Command 'ap_source' returned 0; elapsed 0.002875Total elapsed time: 37.742 sec.
@I [HLS-100] Command "source /home/zynq-fyp/Xilinx/Vivado_HLS/2015.4/common/technology/xilinx/interface/maxi.gen "
@I [HLS-100] Command 'ap_source' returned 0; elapsed 0.004304Total elapsed time: 37.746 sec.
@I [HLS-100] Command 'ap_source' returned 0; elapsed 0.007319Total elapsed time: 37.746 sec.
@I [HLS-100] Command "source /home/zynq-fyp/Xilinx/Vivado_HLS/2015.4/common/technology/xilinx/scripts/xilinxcoregen.gen "
@I [HLS-100] Command 'ap_source' returned 0; elapsed 0.005734Total elapsed time: 37.752 sec.
@I [HLS-100] Command "source /home/zynq-fyp/Xilinx/Vivado_HLS/2015.4/common/technology/xilinx/interface/XilEDKCoreGen.gen "
@I [HLS-100] Command 'ap_source' returned 0; elapsed 0.005938Total elapsed time: 37.758 sec.
@I [HLS-100] Command "source /home/zynq-fyp/Xilinx/Vivado_HLS/2015.4/common/technology/xilinx/ip/xfft.gen "
@I [HLS-100] Command 'ap_source' returned 0; elapsed 0.074418Total elapsed time: 37.833 sec.
@I [HLS-100] Command "source /home/zynq-fyp/Xilinx/Vivado_HLS/2015.4/common/technology/xilinx/ip/xfir.gen "
@I [HLS-100] Command 'ap_source' returned 0; elapsed 0.030286Total elapsed time: 37.863 sec.
@I [HLS-100] Command "source /home/zynq-fyp/Xilinx/Vivado_HLS/2015.4/common/technology/xilinx/ip/util.gen "
@I [HLS-100] Command 'ap_source' returned 0; elapsed 0.000183Total elapsed time: 37.863 sec.
@I [HLS-100] Command "source /home/zynq-fyp/Xilinx/Vivado_HLS/2015.4/common/technology/xilinx/ip/dds_compiler.gen "
@I [HLS-100] Command 'ap_source' returned 0; elapsed 0.004718Total elapsed time: 37.868 sec.
@I [HLS-100] Command 'ap_source' returned 0; elapsed 0.132654Total elapsed time: 37.868 sec.
@I [HLS-100] Command "source /home/zynq-fyp/Xilinx/Vivado_HLS/2015.4/common/technology/xilinx/common/dsp48.gen "
@I [HLS-100] Command 'ap_source' returned 0; elapsed 0.000169Total elapsed time: 37.870 sec.
@I [HLS-100] Command 'ap_source' returned 0; elapsed 0.134577Total elapsed time: 37.870 sec.
@I [HLS-100] Command 'ap_source' returned 0; elapsed 0.134679Total elapsed time: 37.870 sec.
@I [HLS-100] Command "source /home/zynq-fyp/Xilinx/Vivado_HLS/2015.4/common/technology/xilinx/zynq/zynq_fpv6.gen "
@I [HLS-100] Command "source /home/zynq-fyp/Xilinx/Vivado_HLS/2015.4/common/technology/xilinx/common/xilinx_fpv6.gen "
@I [HLS-100] Command 'ap_source' returned 0; elapsed 0.001843Total elapsed time: 37.872 sec.
@I [HLS-100] Command 'ap_source' returned 0; elapsed 0.001969Total elapsed time: 37.872 sec.
@I [HLS-100] Command "source /home/zynq-fyp/Desktop/maxi_latest/maxi_feature/solution1/.autopilot/db/global.setting.tcl "
@I [HLS-100] Command 'ap_source' returned 0; elapsed 0.000178Total elapsed time: 37.872 sec.
@I [HLS-100] Command "source /home/zynq-fyp/Desktop/maxi_latest/maxi_feature/solution1/.autopilot/db/global.setting.tcl "
@I [HLS-100] Command 'ap_source' returned 0; elapsed 0.000135Total elapsed time: 37.873 sec.
@I [HLS-100] Command "source /home/zynq-fyp/Desktop/maxi_latest/maxi_feature/solution1/.autopilot/db/feature.compgen.tcl "
@I [HLS-100] Command 'ap_source' returned 0; elapsed 0.000311Total elapsed time: 37.873 sec.
@I [HLS-100] Command "source /home/zynq-fyp/Desktop/maxi_latest/maxi_feature/solution1/.autopilot/db/global.setting.tcl "
@I [HLS-100] Command 'ap_source' returned 0; elapsed 0.000117Total elapsed time: 37.890 sec.
@I [HLS-100] Command "source /home/zynq-fyp/Desktop/maxi_latest/maxi_feature/solution1/.autopilot/db/feature.constraint.tcl "
@I [HLS-100] Command 'ap_source' returned 0; elapsed 3.2e-05Total elapsed time: 37.891 sec.
@I [HLS-100] Command "source /home/zynq-fyp/Xilinx/Vivado_HLS/2015.4/common/technology/generic/autopilot/common.gen "
@I [HLS-100] Command "source /home/zynq-fyp/Xilinx/Vivado_HLS/2015.4/common/technology/generic/autopilot/APCoreGen.gen "
@I [HLS-100] Command 'ap_source' returned 0; elapsed 0.00028Total elapsed time: 37.893 sec.
@I [HLS-100] Command 'ap_source' returned 0; elapsed 0.000624Total elapsed time: 37.893 sec.
@I [HLS-100] Command "source /home/zynq-fyp/Xilinx/Vivado_HLS/2015.4/common/technology/generic/autopilot/op.gen "
@I [HLS-100] Command 'ap_source' returned 0; elapsed 0.000187Total elapsed time: 37.894 sec.
@I [HLS-100] Command "source /home/zynq-fyp/Xilinx/Vivado_HLS/2015.4/common/technology/generic/autopilot/op_simcore.gen "
@I [HLS-100] Command 'ap_source' returned 0; elapsed 0.000639Total elapsed time: 37.894 sec.
@I [HLS-100] Command "source /home/zynq-fyp/Xilinx/Vivado_HLS/2015.4/common/technology/generic/autopilot/interface.gen "
@I [HLS-100] Command 'ap_source' returned 0; elapsed 4.6e-05Total elapsed time: 37.894 sec.
@I [HLS-100] Command "source /home/zynq-fyp/Desktop/maxi_latest/maxi_feature/solution1/.autopilot/db/global.setting.tcl "
@I [HLS-100] Command 'ap_source' returned 0; elapsed 8.9e-05Total elapsed time: 37.894 sec.
@I [HLS-100] Command "source /home/zynq-fyp/Xilinx/Vivado_HLS/2015.4/common/technology/xilinx/zynq/zynq.gen "
@I [HLS-100] Command "source /home/zynq-fyp/Xilinx/Vivado_HLS/2015.4/common/technology/xilinx/common/virtex.gen "
@I [HLS-100] Command "source /home/zynq-fyp/Xilinx/Vivado_HLS/2015.4/common/technology/xilinx/common/xilinx.gen "
@I [HLS-100] Command "source /home/zynq-fyp/Xilinx/Vivado_HLS/2015.4/common/technology/xilinx/interface/plb46.gen "
@I [HLS-100] Command 'ap_source' returned 0; elapsed 0.000664Total elapsed time: 37.895 sec.
@I [HLS-100] Command "source /home/zynq-fyp/Xilinx/Vivado_HLS/2015.4/common/technology/xilinx/interface/fsl.gen "
@I [HLS-100] Command 'ap_source' returned 0; elapsed 0.000256Total elapsed time: 37.896 sec.
@I [HLS-100] Command "source /home/zynq-fyp/Xilinx/Vivado_HLS/2015.4/common/technology/xilinx/interface/axi4.gen "
@I [HLS-100] Command 'ap_source' returned 0; elapsed 0.001409Total elapsed time: 37.897 sec.
@I [HLS-100] Command "source /home/zynq-fyp/Xilinx/Vivado_HLS/2015.4/common/technology/xilinx/interface/nativeAXI4.gen "
@I [HLS-100] Command "source /home/zynq-fyp/Xilinx/Vivado_HLS/2015.4/common/technology/xilinx/interface/saxilite.gen "
@I [HLS-100] Command 'ap_source' returned 0; elapsed 0.00215Total elapsed time: 37.899 sec.
@I [HLS-100] Command "source /home/zynq-fyp/Xilinx/Vivado_HLS/2015.4/common/technology/xilinx/interface/maxi.gen "
@I [HLS-100] Command 'ap_source' returned 0; elapsed 0.003661Total elapsed time: 37.903 sec.
@I [HLS-100] Command 'ap_source' returned 0; elapsed 0.005922Total elapsed time: 37.903 sec.
@I [HLS-100] Command "source /home/zynq-fyp/Xilinx/Vivado_HLS/2015.4/common/technology/xilinx/scripts/xilinxcoregen.gen "
@I [HLS-100] Command 'ap_source' returned 0; elapsed 0.004864Total elapsed time: 37.908 sec.
@I [HLS-100] Command "source /home/zynq-fyp/Xilinx/Vivado_HLS/2015.4/common/technology/xilinx/interface/XilEDKCoreGen.gen "
@I [HLS-100] Command 'ap_source' returned 0; elapsed 0.004594Total elapsed time: 37.913 sec.
@I [HLS-100] Command "source /home/zynq-fyp/Xilinx/Vivado_HLS/2015.4/common/technology/xilinx/ip/xfft.gen "
@I [HLS-100] Command 'ap_source' returned 0; elapsed 0.067903Total elapsed time: 37.981 sec.
@I [HLS-100] Command "source /home/zynq-fyp/Xilinx/Vivado_HLS/2015.4/common/technology/xilinx/ip/xfir.gen "
@I [HLS-100] Command 'ap_source' returned 0; elapsed 0.020429Total elapsed time: 38.1 sec.
@I [HLS-100] Command "source /home/zynq-fyp/Xilinx/Vivado_HLS/2015.4/common/technology/xilinx/ip/util.gen "
@I [HLS-100] Command 'ap_source' returned 0; elapsed 9.6e-05Total elapsed time: 38.1 sec.
@I [HLS-100] Command "source /home/zynq-fyp/Xilinx/Vivado_HLS/2015.4/common/technology/xilinx/ip/dds_compiler.gen "
@I [HLS-100] Command 'ap_source' returned 0; elapsed 0.002052Total elapsed time: 38.3 sec.
@I [HLS-100] Command 'ap_source' returned 0; elapsed 0.108657Total elapsed time: 38.3 sec.
@I [HLS-100] Command "source /home/zynq-fyp/Xilinx/Vivado_HLS/2015.4/common/technology/xilinx/common/dsp48.gen "
@I [HLS-100] Command 'ap_source' returned 0; elapsed 7.1e-05Total elapsed time: 38.4 sec.
@I [HLS-100] Command 'ap_source' returned 0; elapsed 0.109736Total elapsed time: 38.4 sec.
@I [HLS-100] Command 'ap_source' returned 0; elapsed 0.109797Total elapsed time: 38.4 sec.
@I [HLS-100] Command "source /home/zynq-fyp/Xilinx/Vivado_HLS/2015.4/common/technology/xilinx/zynq/zynq_fpv6.gen "
@I [HLS-100] Command "source /home/zynq-fyp/Xilinx/Vivado_HLS/2015.4/common/technology/xilinx/common/xilinx_fpv6.gen "
@I [HLS-100] Command 'ap_source' returned 0; elapsed 0.000826Total elapsed time: 38.5 sec.
@I [HLS-100] Command 'ap_source' returned 0; elapsed 0.000885Total elapsed time: 38.5 sec.
@I [HLS-100] Command "source /home/zynq-fyp/Desktop/maxi_latest/maxi_feature/solution1/.autopilot/db/global.setting.tcl "
@I [HLS-100] Command 'ap_source' returned 0; elapsed 0.000147Total elapsed time: 38.9 sec.
@I [HLS-100] Command 'export_design' returned 0; elapsed 1.39316Total elapsed time: 43.178 sec.
@I [HLS-100] Command 'ap_source' returned 0; elapsed 1.52866Total elapsed time: 43.179 sec.
@I [HLS-100] Command "cleanup_all "
@I [HLS-100] Command 'cleanup_all' returned 0; elapsed 0.000303Total elapsed time: 43.179 sec.
